Log file open, 10/20/20 18:27:12
LogInit: Display: Running engine for game: DreamHaunt
LogPlatformFile: Not using cached read wrapper
LogTaskGraph: Started task graph with 5 named threads and 35 total threads with 3 sets of task threads.
LogStats: Stats thread started at 0.230710
LogD3D11RHI: Loaded GFSDK_Aftermath_Lib.x64.dll
LogICUInternationalization: ICU TimeZone Detection - Raw Offset: +7:00, Platform Override: ''
LogPluginManager: Mounting plugin Paper2D
LogPluginManager: Mounting plugin AISupport
LogPluginManager: Mounting plugin LightPropagationVolume
LogPluginManager: Mounting plugin CameraShakePreviewer
LogPluginManager: Mounting plugin ActorLayerUtilities
LogPluginManager: Mounting plugin AnimationSharing
LogPluginManager: Mounting plugin CLionSourceCodeAccess
LogPluginManager: Mounting plugin CodeLiteSourceCodeAccess
LogPluginManager: Mounting plugin GitSourceControl
LogPluginManager: Mounting plugin KDevelopSourceCodeAccess
LogPluginManager: Mounting plugin NullSourceCodeAccess
LogPluginManager: Mounting plugin PerforceSourceControl
LogPluginManager: Mounting plugin PlasticSourceControl
LogPluginManager: Mounting plugin RiderSourceCodeAccess
LogPluginManager: Mounting plugin SubversionSourceControl
LogPluginManager: Mounting plugin UObjectPlugin
LogPluginManager: Mounting plugin VisualStudioCodeSourceCodeAccess
LogPluginManager: Mounting plugin VisualStudioSourceCodeAccess
LogPluginManager: Mounting plugin XCodeSourceCodeAccess
LogPluginManager: Mounting plugin AssetManagerEditor
LogPluginManager: Mounting plugin CryptoKeys
LogPluginManager: Mounting plugin CurveEditorTools
LogPluginManager: Mounting plugin DataValidation
LogPluginManager: Mounting plugin EditorScriptingUtilities
LogPluginManager: Mounting plugin FacialAnimation
LogPluginManager: Mounting plugin GameplayTagsEditor
LogPluginManager: Mounting plugin GeometryMode
LogPluginManager: Mounting plugin MacGraphicsSwitching
LogPluginManager: Mounting plugin MaterialAnalyzer
LogPluginManager: Mounting plugin MobileLauncherProfileWizard
LogPluginManager: Mounting plugin PluginBrowser
LogPluginManager: Mounting plugin SpeedTreeImporter
LogPluginManager: Mounting plugin DatasmithContent
LogPluginManager: Mounting plugin VariantManagerContent
LogPluginManager: Mounting plugin AlembicImporter
LogPluginManager: Mounting plugin AutomationUtils
LogPluginManager: Mounting plugin BackChannel
LogPluginManager: Mounting plugin ChaosCloth
LogPluginManager: Mounting plugin ChaosClothEditor
LogPluginManager: Mounting plugin ChaosEditor
LogPluginManager: Mounting plugin ChaosNiagara
LogPluginManager: Mounting plugin ChaosSolverPlugin
LogPluginManager: Mounting plugin CharacterAI
LogPluginManager: Mounting plugin GeometryCache
LogPluginManager: Mounting plugin GeometryCollectionPlugin
LogPluginManager: Mounting plugin GeometryProcessing
LogPluginManager: Mounting plugin PlanarCut
LogPluginManager: Mounting plugin PlatformCrypto
LogPluginManager: Mounting plugin ProxyLODPlugin
LogPluginManager: Mounting plugin SkeletalReduction
LogPluginManager: Mounting plugin Niagara
LogPluginManager: Mounting plugin MagicLeap
LogPluginManager: Mounting plugin MagicLeapLightEstimation
LogPluginManager: Mounting plugin MagicLeapMedia
LogPluginManager: Mounting plugin MagicLeapPassableWorld
LogPluginManager: Mounting plugin MLSDK
LogPluginManager: Mounting plugin AndroidMedia
LogPluginManager: Mounting plugin AvfMedia
LogPluginManager: Mounting plugin ImgMedia
LogPluginManager: Mounting plugin MediaCompositing
LogPluginManager: Mounting plugin MediaPlayerEditor
LogPluginManager: Mounting plugin WebMMedia
LogPluginManager: Mounting plugin WmfMedia
LogPluginManager: Mounting plugin MeshPainting
LogPluginManager: Mounting plugin TcpMessaging
LogPluginManager: Mounting plugin UdpMessaging
LogPluginManager: Mounting plugin ActorSequence
LogPluginManager: Mounting plugin LevelSequenceEditor
LogPluginManager: Mounting plugin MatineeToLevelSequence
LogPluginManager: Mounting plugin MovieRenderPipeline
LogPluginManager: Mounting plugin TemplateSequence
LogPluginManager: Mounting plugin NetcodeUnitTest
LogPluginManager: Mounting plugin NUTUnrealEngine4
LogPluginManager: Mounting plugin OnlineSubsystemGooglePlay
LogPluginManager: Mounting plugin OnlineSubsystemIOS
LogPluginManager: Mounting plugin OnlineSubsystem
LogPluginManager: Mounting plugin OnlineSubsystemNull
LogPluginManager: Mounting plugin OnlineSubsystemUtils
LogPluginManager: Mounting plugin LauncherChunkInstaller
LogPluginManager: Mounting plugin AndroidDeviceProfileSelector
LogPluginManager: Mounting plugin AndroidMoviePlayer
LogPluginManager: Mounting plugin AndroidPermission
LogPluginManager: Mounting plugin AppleImageUtils
LogPluginManager: Mounting plugin AppleMoviePlayer
LogPluginManager: Mounting plugin ArchVisCharacter
LogPluginManager: Mounting plugin AssetTags
LogPluginManager: Mounting plugin AudioCapture
LogPluginManager: Mounting plugin CableComponent
LogPluginManager: Mounting plugin CustomMeshComponent
LogPluginManager: Mounting plugin EditableMesh
LogPluginManager: Mounting plugin ExampleDeviceProfileSelector
LogPluginManager: Mounting plugin GoogleCloudMessaging
LogPluginManager: Mounting plugin GooglePAD
LogPluginManager: Mounting plugin IOSDeviceProfileSelector
LogPluginManager: Mounting plugin LinuxDeviceProfileSelector
LogPluginManager: Mounting plugin LocationServicesBPLibrary
LogPluginManager: Mounting plugin MobilePatchingUtils
LogPluginManager: Mounting plugin OculusVR
LogPluginManager: Mounting plugin PhysXVehicles
LogPluginManager: Mounting plugin PostSplashScreen
LogPluginManager: Mounting plugin ProceduralMeshComponent
LogPluginManager: Mounting plugin RuntimePhysXCooking
LogPluginManager: Mounting plugin SignificanceManager
LogPluginManager: Mounting plugin SoundFields
LogPluginManager: Mounting plugin SteamVR
LogPluginManager: Mounting plugin Synthesis
LogPluginManager: Mounting plugin WebMMoviePlayer
LogPluginManager: Mounting plugin WindowsMoviePlayer
LogPluginManager: Mounting plugin ScreenshotTools
LogInit: Using libcurl 7.55.1-DEV
LogInit:  - built for x86_64-pc-win32
LogInit:  - supports SSL with OpenSSL/1.1.1
LogInit:  - supports HTTP deflate (compression) using libz 1.2.8
LogInit:  - other features:
LogInit:      CURL_VERSION_SSL
LogInit:      CURL_VERSION_LIBZ
LogInit:      CURL_VERSION_IPV6
LogInit:      CURL_VERSION_ASYNCHDNS
LogInit:      CURL_VERSION_LARGEFILE
LogInit:      CURL_VERSION_IDN
LogInit:  CurlRequestOptions (configurable via config and command line):
LogInit:  - bVerifyPeer = true  - Libcurl will verify peer certificate
LogInit:  - bUseHttpProxy = false  - Libcurl will NOT use HTTP proxy
LogInit:  - bDontReuseConnections = false  - Libcurl will reuse connections
LogInit:  - MaxHostConnections = 16  - Libcurl will limit the number of connections to a host
LogInit:  - LocalHostAddr = Default
LogInit:  - BufferSize = 65536
LogOnline: OSS: Creating online subsystem instance for: NULL
LogInit: WinSock: version 1.1 (2.2), MaxSocks=32767, MaxUdp=65467
LogOnline: OSS: TryLoadSubsystemAndSetDefault: Loaded subsystem for module [NULL]
LogInit: Build: ++UE4+Release-4.25-CL-13942748
LogInit: Engine Version: 4.25.3-13942748+++UE4+Release-4.25
LogInit: Compatible Engine Version: 4.25.0-13144385+++UE4+Release-4.25
LogInit: Net CL: 13144385
LogInit: OS: Windows 10 (Release 1903) (), CPU: Intel(R) Core(TM) i7-8750H CPU @ 2.20GHz, GPU: Intel(R) UHD Graphics 630
LogInit: Compiled (64-bit): Jul 25 2020 02:07:48
LogInit: Compiled with Visual C++: 19.24.28315.00
LogInit: Build Configuration: Development
LogInit: Branch Name: ++UE4+Release-4.25
LogInit: Command Line: 
LogInit: Base Directory: C:/Program Files/Epic Games/UE_4.25/Engine/Binaries/Win64/
LogInit: Allocator: TBB
LogInit: Installed Engine Build: 1
LogDevObjectVersion: Number of dev versions registered: 26
LogDevObjectVersion:   Dev-Blueprints (B0D832E4-1F89-4F0D-ACCF-7EB736FD4AA2): 10
LogDevObjectVersion:   Dev-Build (E1C64328-A22C-4D53-A36C-8E866417BD8C): 0
LogDevObjectVersion:   Dev-Core (375EC13C-06E4-48FB-B500-84F0262A717E): 4
LogDevObjectVersion:   Dev-Editor (E4B068ED-F494-42E9-A231-DA0B2E46BB41): 38
LogDevObjectVersion:   Dev-Framework (CFFC743F-43B0-4480-9391-14DF171D2073): 37
LogDevObjectVersion:   Dev-Mobile (B02B49B5-BB20-44E9-A304-32B752E40360): 2
LogDevObjectVersion:   Dev-Networking (A4E4105C-59A1-49B5-A7C5-40C4547EDFEE): 0
LogDevObjectVersion:   Dev-Online (39C831C9-5AE6-47DC-9A44-9C173E1C8E7C): 0
LogDevObjectVersion:   Dev-Physics (78F01B33-EBEA-4F98-B9B4-84EACCB95AA2): 4
LogDevObjectVersion:   Dev-Platform (6631380F-2D4D-43E0-8009-CF276956A95A): 0
LogDevObjectVersion:   Dev-Rendering (12F88B9F-8875-4AFC-A67C-D90C383ABD29): 43
LogDevObjectVersion:   Dev-Sequencer (7B5AE74C-D270-4C10-A958-57980B212A5A): 12
LogDevObjectVersion:   Dev-VR (D7296918-1DD6-4BDD-9DE2-64A83CC13884): 3
LogDevObjectVersion:   Dev-LoadTimes (C2A15278-BFE7-4AFE-6C17-90FF531DF755): 1
LogDevObjectVersion:   Private-Geometry (6EACA3D4-40EC-4CC1-B786-8BED09428FC5): 3
LogDevObjectVersion:   Dev-AnimPhys (29E575DD-E0A3-4627-9D10-D276232CDCEA): 17
LogDevObjectVersion:   Dev-Anim (AF43A65D-7FD3-4947-9873-3E8ED9C1BB05): 7
LogDevObjectVersion:   Dev-ReflectionCapture (6B266CEC-1EC7-4B8F-A30B-E4D90942FC07): 1
LogDevObjectVersion:   Dev-Automation (0DF73D61-A23F-47EA-B727-89E90C41499A): 1
LogDevObjectVersion:   FortniteMain (601D1886-AC64-4F84-AA16-D3DE0DEAC7D6): 31
LogDevObjectVersion:   Dev-Enterprise (9DFFBCD6-494F-0158-E221-12823C92A888): 10
LogDevObjectVersion:   Dev-Niagara (F2AED0AC-9AFE-416F-8664-AA7FFA26D6FC): 1
LogDevObjectVersion:   Dev-Destruction (174F1F0B-B4C6-45A5-B13F-2EE8D0FB917D): 10
LogDevObjectVersion:   Dev-Physics-Ext (35F94A83-E258-406C-A318-09F59610247C): 37
LogDevObjectVersion:   Dev-PhysicsMaterial-Chaos (B68FC16E-8B1B-42E2-B453-215C058844FE): 1
LogDevObjectVersion:   Dev-CineCamera (B2E18506-4273-CFC2-A54E-F4BB758BBA07): 1
LogInit: Presizing for max 25165824 objects, including 0 objects not considered by GC, pre-allocating 0 bytes for permanent pool.
LogConfig: Applying CVar settings from Section [/Script/Engine.StreamingSettings] File [D:/Dream-Haunt/DreamHaunt/Saved/Config/Windows/Engine.ini]
LogConfig: Setting CVar [[s.MinBulkDataSizeForAsyncLoading:131072]]
LogConfig: Setting CVar [[s.AsyncLoadingThreadEnabled:0]]
LogConfig: Setting CVar [[s.EventDrivenLoaderEnabled:1]]
LogConfig: Setting CVar [[s.WarnIfTimeLimitExceeded:0]]
LogConfig: Setting CVar [[s.TimeLimitExceededMultiplier:1.5]]
LogConfig: Setting CVar [[s.TimeLimitExceededMinTime:0.005]]
LogConfig: Setting CVar [[s.UseBackgroundLevelStreaming:1]]
LogConfig: Setting CVar [[s.PriorityAsyncLoadingExtraTime:15.0]]
LogConfig: Setting CVar [[s.LevelStreamingActorsUpdateTimeLimit:5.0]]
LogConfig: Setting CVar [[s.PriorityLevelStreamingActorsUpdateExtraTime:5.0]]
LogConfig: Setting CVar [[s.LevelStreamingComponentsRegistrationGranularity:10]]
LogConfig: Setting CVar [[s.UnregisterComponentsTimeLimit:1.0]]
LogConfig: Setting CVar [[s.LevelStreamingComponentsUnregistrationGranularity:5]]
LogConfig: Setting CVar [[s.FlushStreamingOnExit:1]]
LogInit: Object subsystem initialized
LogConfig: Setting CVar [[con.DebugEarlyDefault:1]]
LogConfig: Setting CVar [[r.setres:1280x720]]
[2020.10.20-11.27.13:094][  0]LogConfig: Setting CVar [[r.VSync:0]]
[2020.10.20-11.27.13:094][  0]LogConfig: Setting CVar [[r.RHICmdBypass:0]]
[2020.10.20-11.27.13:094][  0]LogConfig: Applying CVar settings from Section [/Script/Engine.RendererSettings] File [D:/Dream-Haunt/DreamHaunt/Saved/Config/Windows/Engine.ini]
[2020.10.20-11.27.13:094][  0]LogConfig: Setting CVar [[r.GPUCrashDebugging:0]]
[2020.10.20-11.27.13:094][  0]LogConfig: Applying CVar settings from Section [/Script/Engine.RendererOverrideSettings] File [D:/Dream-Haunt/DreamHaunt/Saved/Config/Windows/Engine.ini]
[2020.10.20-11.27.13:094][  0]LogConfig: Applying CVar settings from Section [/Script/Engine.StreamingSettings] File [D:/Dream-Haunt/DreamHaunt/Saved/Config/Windows/Engine.ini]
[2020.10.20-11.27.13:094][  0]LogConfig: Setting CVar [[s.MinBulkDataSizeForAsyncLoading:131072]]
[2020.10.20-11.27.13:094][  0]LogConfig: Setting CVar [[s.AsyncLoadingThreadEnabled:0]]
[2020.10.20-11.27.13:094][  0]LogConfig: Setting CVar [[s.EventDrivenLoaderEnabled:1]]
[2020.10.20-11.27.13:094][  0]LogConfig: Setting CVar [[s.WarnIfTimeLimitExceeded:0]]
[2020.10.20-11.27.13:094][  0]LogConfig: Setting CVar [[s.TimeLimitExceededMultiplier:1.5]]
[2020.10.20-11.27.13:094][  0]LogConfig: Setting CVar [[s.TimeLimitExceededMinTime:0.005]]
[2020.10.20-11.27.13:094][  0]LogConfig: Setting CVar [[s.UseBackgroundLevelStreaming:1]]
[2020.10.20-11.27.13:094][  0]LogConfig: Setting CVar [[s.PriorityAsyncLoadingExtraTime:15.0]]
[2020.10.20-11.27.13:094][  0]LogConfig: Setting CVar [[s.LevelStreamingActorsUpdateTimeLimit:5.0]]
[2020.10.20-11.27.13:094][  0]LogConfig: Setting CVar [[s.PriorityLevelStreamingActorsUpdateExtraTime:5.0]]
[2020.10.20-11.27.13:094][  0]LogConfig: Setting CVar [[s.LevelStreamingComponentsRegistrationGranularity:10]]
[2020.10.20-11.27.13:094][  0]LogConfig: Setting CVar [[s.UnregisterComponentsTimeLimit:1.0]]
[2020.10.20-11.27.13:094][  0]LogConfig: Setting CVar [[s.LevelStreamingComponentsUnregistrationGranularity:5]]
[2020.10.20-11.27.13:094][  0]LogConfig: Setting CVar [[s.FlushStreamingOnExit:1]]
[2020.10.20-11.27.13:094][  0]LogConfig: Applying CVar settings from Section [/Script/Engine.GarbageCollectionSettings] File [D:/Dream-Haunt/DreamHaunt/Saved/Config/Windows/Engine.ini]
[2020.10.20-11.27.13:094][  0]LogConfig: Setting CVar [[gc.MaxObjectsNotConsideredByGC:1]]
[2020.10.20-11.27.13:094][  0]LogConfig: Setting CVar [[gc.SizeOfPermanentObjectPool:0]]
[2020.10.20-11.27.13:094][  0]LogConfig: Setting CVar [[gc.FlushStreamingOnGC:0]]
[2020.10.20-11.27.13:094][  0]LogConfig: Setting CVar [[gc.NumRetriesBeforeForcingGC:10]]
[2020.10.20-11.27.13:094][  0]LogConfig: Setting CVar [[gc.AllowParallelGC:1]]
[2020.10.20-11.27.13:094][  0]LogConfig: Setting CVar [[gc.TimeBetweenPurgingPendingKillObjects:61.1]]
[2020.10.20-11.27.13:094][  0]LogConfig: Setting CVar [[gc.MaxObjectsInEditor:25165824]]
[2020.10.20-11.27.13:094][  0]LogConfig: Setting CVar [[gc.IncrementalBeginDestroyEnabled:1]]
[2020.10.20-11.27.13:095][  0]LogConfig: Setting CVar [[gc.CreateGCClusters:1]]
[2020.10.20-11.27.13:095][  0]LogConfig: Setting CVar [[gc.MinGCClusterSize:5]]
[2020.10.20-11.27.13:095][  0]LogConfig: Setting CVar [[gc.ActorClusteringEnabled:0]]
[2020.10.20-11.27.13:095][  0]LogConfig: Setting CVar [[gc.BlueprintClusteringEnabled:0]]
[2020.10.20-11.27.13:095][  0]LogConfig: Setting CVar [[gc.UseDisregardForGCOnDedicatedServers:0]]
[2020.10.20-11.27.13:095][  0]LogConfig: Applying CVar settings from Section [/Script/Engine.NetworkSettings] File [D:/Dream-Haunt/DreamHaunt/Saved/Config/Windows/Engine.ini]
[2020.10.20-11.27.13:095][  0]LogConfig: Applying CVar settings from Section [/Script/UnrealEd.CookerSettings] File [D:/Dream-Haunt/DreamHaunt/Saved/Config/Windows/Engine.ini]
[2020.10.20-11.27.13:097][  0]LogConfig: Applying CVar settings from Section [ViewDistanceQuality@3] File [D:/Dream-Haunt/DreamHaunt/Saved/Config/Windows/Scalability.ini]
[2020.10.20-11.27.13:097][  0]LogConfig: Setting CVar [[r.SkeletalMeshLODBias:0]]
[2020.10.20-11.27.13:097][  0]LogConfig: Setting CVar [[r.ViewDistanceScale:1.0]]
[2020.10.20-11.27.13:097][  0]LogConfig: Applying CVar settings from Section [AntiAliasingQuality@3] File [D:/Dream-Haunt/DreamHaunt/Saved/Config/Windows/Scalability.ini]
[2020.10.20-11.27.13:097][  0]LogConfig: Setting CVar [[r.PostProcessAAQuality:4]]
[2020.10.20-11.27.13:097][  0]LogConfig: Applying CVar settings from Section [ShadowQuality@3] File [D:/Dream-Haunt/DreamHaunt/Saved/Config/Windows/Scalability.ini]
[2020.10.20-11.27.13:097][  0]LogConfig: Setting CVar [[r.LightFunctionQuality:1]]
[2020.10.20-11.27.13:097][  0]LogConfig: Setting CVar [[r.ShadowQuality:5]]
[2020.10.20-11.27.13:097][  0]LogConfig: Setting CVar [[r.Shadow.CSM.MaxCascades:10]]
[2020.10.20-11.27.13:097][  0]LogConfig: Setting CVar [[r.Shadow.MaxResolution:2048]]
[2020.10.20-11.27.13:097][  0]LogConfig: Setting CVar [[r.Shadow.MaxCSMResolution:2048]]
[2020.10.20-11.27.13:097][  0]LogConfig: Setting CVar [[r.Shadow.RadiusThreshold:0.01]]
[2020.10.20-11.27.13:097][  0]LogConfig: Setting CVar [[r.Shadow.DistanceScale:1.0]]
[2020.10.20-11.27.13:097][  0]LogConfig: Setting CVar [[r.Shadow.CSM.TransitionScale:1.0]]
[2020.10.20-11.27.13:097][  0]LogConfig: Setting CVar [[r.Shadow.PreShadowResolutionFactor:1.0]]
[2020.10.20-11.27.13:097][  0]LogConfig: Setting CVar [[r.DistanceFieldShadowing:1]]
[2020.10.20-11.27.13:097][  0]LogConfig: Setting CVar [[r.DistanceFieldAO:1]]
[2020.10.20-11.27.13:097][  0]LogConfig: Setting CVar [[r.AOQuality:2]]
[2020.10.20-11.27.13:097][  0]LogConfig: Setting CVar [[r.VolumetricFog:1]]
[2020.10.20-11.27.13:097][  0]LogConfig: Setting CVar [[r.VolumetricFog.GridPixelSize:8]]
[2020.10.20-11.27.13:097][  0]LogConfig: Setting CVar [[r.VolumetricFog.GridSizeZ:128]]
[2020.10.20-11.27.13:097][  0]LogConfig: Setting CVar [[r.VolumetricFog.HistoryMissSupersampleCount:4]]
[2020.10.20-11.27.13:097][  0]LogConfig: Setting CVar [[r.LightMaxDrawDistanceScale:1]]
[2020.10.20-11.27.13:097][  0]LogConfig: Setting CVar [[r.CapsuleShadows:1]]
[2020.10.20-11.27.13:097][  0]LogConfig: Applying CVar settings from Section [PostProcessQuality@3] File [D:/Dream-Haunt/DreamHaunt/Saved/Config/Windows/Scalability.ini]
[2020.10.20-11.27.13:097][  0]LogConfig: Setting CVar [[r.MotionBlurQuality:4]]
[2020.10.20-11.27.13:097][  0]LogConfig: Setting CVar [[r.AmbientOcclusionMipLevelFactor:0.4]]
[2020.10.20-11.27.13:097][  0]LogConfig: Setting CVar [[r.AmbientOcclusionMaxQuality:100]]
[2020.10.20-11.27.13:097][  0]LogConfig: Setting CVar [[r.AmbientOcclusionLevels:-1]]
[2020.10.20-11.27.13:097][  0]LogConfig: Setting CVar [[r.AmbientOcclusionRadiusScale:1.0]]
[2020.10.20-11.27.13:097][  0]LogConfig: Setting CVar [[r.DepthOfFieldQuality:2]]
[2020.10.20-11.27.13:097][  0]LogConfig: Setting CVar [[r.RenderTargetPoolMin:400]]
[2020.10.20-11.27.13:097][  0]LogConfig: Setting CVar [[r.LensFlareQuality:2]]
[2020.10.20-11.27.13:097][  0]LogConfig: Setting CVar [[r.SceneColorFringeQuality:1]]
[2020.10.20-11.27.13:097][  0]LogConfig: Setting CVar [[r.EyeAdaptationQuality:2]]
[2020.10.20-11.27.13:097][  0]LogConfig: Setting CVar [[r.BloomQuality:5]]
[2020.10.20-11.27.13:097][  0]LogConfig: Setting CVar [[r.FastBlurThreshold:100]]
[2020.10.20-11.27.13:097][  0]LogConfig: Setting CVar [[r.Upscale.Quality:3]]
[2020.10.20-11.27.13:097][  0]LogConfig: Setting CVar [[r.Tonemapper.GrainQuantization:1]]
[2020.10.20-11.27.13:097][  0]LogConfig: Setting CVar [[r.LightShaftQuality:1]]
[2020.10.20-11.27.13:097][  0]LogConfig: Setting CVar [[r.Filter.SizeScale:1]]
[2020.10.20-11.27.13:097][  0]LogConfig: Setting CVar [[r.Tonemapper.Quality:5]]
[2020.10.20-11.27.13:097][  0]LogConfig: Setting CVar [[r.DOF.Gather.AccumulatorQuality:1        ; higher gathering accumulator quality]]
[2020.10.20-11.27.13:097][  0]LogConfig: Setting CVar [[r.DOF.Gather.PostfilterMethod:1          ; Median3x3 postfilering method]]
[2020.10.20-11.27.13:097][  0]LogConfig: Setting CVar [[r.DOF.Gather.EnableBokehSettings:0       ; no bokeh simulation when gathering]]
[2020.10.20-11.27.13:097][  0]LogConfig: Setting CVar [[r.DOF.Gather.RingCount:4                 ; medium number of samples when gathering]]
[2020.10.20-11.27.13:097][  0]LogConfig: Setting CVar [[r.DOF.Scatter.ForegroundCompositing:1    ; additive foreground scattering]]
[2020.10.20-11.27.13:097][  0]LogConfig: Setting CVar [[r.DOF.Scatter.BackgroundCompositing:2    ; additive background scattering]]
[2020.10.20-11.27.13:097][  0]LogConfig: Setting CVar [[r.DOF.Scatter.EnableBokehSettings:1      ; bokeh simulation when scattering]]
[2020.10.20-11.27.13:097][  0]LogConfig: Setting CVar [[r.DOF.Scatter.MaxSpriteRatio:0.1         ; only a maximum of 10% of scattered bokeh]]
[2020.10.20-11.27.13:097][  0]LogConfig: Setting CVar [[r.DOF.Recombine.Quality:1                ; cheap slight out of focus]]
[2020.10.20-11.27.13:097][  0]LogConfig: Setting CVar [[r.DOF.Recombine.EnableBokehSettings:0    ; no bokeh simulation on slight out of focus]]
[2020.10.20-11.27.13:097][  0]LogConfig: Setting CVar [[r.DOF.TemporalAAQuality:1                ; more stable temporal accumulation]]
[2020.10.20-11.27.13:097][  0]LogConfig: Setting CVar [[r.DOF.Kernel.MaxForegroundRadius:0.025]]
[2020.10.20-11.27.13:097][  0]LogConfig: Setting CVar [[r.DOF.Kernel.MaxBackgroundRadius:0.025]]
[2020.10.20-11.27.13:097][  0]LogConfig: Applying CVar settings from Section [TextureQuality@3] File [D:/Dream-Haunt/DreamHaunt/Saved/Config/Windows/Scalability.ini]
[2020.10.20-11.27.13:097][  0]LogConfig: Setting CVar [[r.Streaming.MipBias:0]]
[2020.10.20-11.27.13:097][  0]LogConfig: Setting CVar [[r.Streaming.AmortizeCPUToGPUCopy:0]]
[2020.10.20-11.27.13:097][  0]LogConfig: Setting CVar [[r.Streaming.MaxNumTexturesToStreamPerFrame:0]]
[2020.10.20-11.27.13:097][  0]LogConfig: Setting CVar [[r.Streaming.Boost:1]]
[2020.10.20-11.27.13:097][  0]LogConfig: Setting CVar [[r.MaxAnisotropy:8]]
[2020.10.20-11.27.13:097][  0]LogConfig: Setting CVar [[r.VT.MaxAnisotropy:8]]
[2020.10.20-11.27.13:097][  0]LogConfig: Setting CVar [[r.Streaming.LimitPoolSizeToVRAM:0]]
[2020.10.20-11.27.13:097][  0]LogConfig: Setting CVar [[r.Streaming.PoolSize:1000]]
[2020.10.20-11.27.13:097][  0]LogConfig: Setting CVar [[r.Streaming.MaxEffectiveScreenSize:0]]
[2020.10.20-11.27.13:097][  0]LogConfig: Applying CVar settings from Section [EffectsQuality@3] File [D:/Dream-Haunt/DreamHaunt/Saved/Config/Windows/Scalability.ini]
[2020.10.20-11.27.13:097][  0]LogConfig: Setting CVar [[r.TranslucencyLightingVolumeDim:64]]
[2020.10.20-11.27.13:097][  0]LogConfig: Setting CVar [[r.RefractionQuality:2]]
[2020.10.20-11.27.13:097][  0]LogConfig: Setting CVar [[r.SSR.Quality:3]]
[2020.10.20-11.27.13:097][  0]LogConfig: Setting CVar [[r.SSR.HalfResSceneColor:0]]
[2020.10.20-11.27.13:097][  0]LogConfig: Setting CVar [[r.SceneColorFormat:4]]
[2020.10.20-11.27.13:097][  0]LogConfig: Setting CVar [[r.DetailMode:2]]
[2020.10.20-11.27.13:097][  0]LogConfig: Setting CVar [[r.TranslucencyVolumeBlur:1]]
[2020.10.20-11.27.13:097][  0]LogConfig: Setting CVar [[r.MaterialQualityLevel:1 ; High quality]]
[2020.10.20-11.27.13:097][  0]LogConfig: Setting CVar [[r.SSS.Scale:1]]
[2020.10.20-11.27.13:097][  0]LogConfig: Setting CVar [[r.SSS.SampleSet:2]]
[2020.10.20-11.27.13:097][  0]LogConfig: Setting CVar [[r.SSS.Quality:1]]
[2020.10.20-11.27.13:097][  0]LogConfig: Setting CVar [[r.SSS.HalfRes:0]]
[2020.10.20-11.27.13:097][  0]LogConfig: Setting CVar [[r.SSGI.Quality:3]]
[2020.10.20-11.27.13:097][  0]LogConfig: Setting CVar [[r.EmitterSpawnRateScale:1.0]]
[2020.10.20-11.27.13:097][  0]LogConfig: Setting CVar [[r.ParticleLightQuality:2]]
[2020.10.20-11.27.13:097][  0]LogConfig: Setting CVar [[r.SkyAtmosphere.AerialPerspectiveLUT.FastApplyOnOpaque:1 ; Always have FastSkyLUT 1 in this case to avoid wrong sky]]
[2020.10.20-11.27.13:097][  0]LogConfig: Setting CVar [[r.SkyAtmosphere.AerialPerspectiveLUT.SampleCountPerSlice:1]]
[2020.10.20-11.27.13:097][  0]LogConfig: Setting CVar [[r.SkyAtmosphere.AerialPerspectiveLUT.DepthResolution:16.0]]
[2020.10.20-11.27.13:097][  0]LogConfig: Setting CVar [[r.SkyAtmosphere.FastSkyLUT:1]]
[2020.10.20-11.27.13:097][  0]LogConfig: Setting CVar [[r.SkyAtmosphere.FastSkyLUT.SampleCountMin:4.0]]
[2020.10.20-11.27.13:097][  0]LogConfig: Setting CVar [[r.SkyAtmosphere.FastSkyLUT.SampleCountMax:32.0]]
[2020.10.20-11.27.13:097][  0]LogConfig: Setting CVar [[r.SkyAtmosphere.SampleCountMin:4.0]]
[2020.10.20-11.27.13:097][  0]LogConfig: Setting CVar [[r.SkyAtmosphere.SampleCountMax:32.0]]
[2020.10.20-11.27.13:097][  0]LogConfig: Setting CVar [[r.SkyAtmosphere.TransmittanceLUT.UseSmallFormat:0]]
[2020.10.20-11.27.13:097][  0]LogConfig: Setting CVar [[r.SkyAtmosphere.TransmittanceLUT.SampleCount:10.0]]
[2020.10.20-11.27.13:097][  0]LogConfig: Setting CVar [[r.SkyAtmosphere.MultiScatteringLUT.SampleCount:15.0]]
[2020.10.20-11.27.13:097][  0]LogConfig: Applying CVar settings from Section [FoliageQuality@3] File [D:/Dream-Haunt/DreamHaunt/Saved/Config/Windows/Scalability.ini]
[2020.10.20-11.27.13:097][  0]LogConfig: Setting CVar [[foliage.DensityScale:1.0]]
[2020.10.20-11.27.13:097][  0]LogConfig: Setting CVar [[grass.DensityScale:1.0]]
[2020.10.20-11.27.13:097][  0]LogConfig: Applying CVar settings from Section [ShadingQuality@3] File [D:/Dream-Haunt/DreamHaunt/Saved/Config/Windows/Scalability.ini]
[2020.10.20-11.27.13:097][  0]LogConfig: Setting CVar [[r.HairStrands.SkyLighting.SampleCount:16]]
[2020.10.20-11.27.13:097][  0]LogConfig: Setting CVar [[r.HairStrands.SkyLighting.JitterIntegration:0]]
[2020.10.20-11.27.13:099][  0]LogConfig: Setting CVar [[r.HairStrands.SkyAO.SampleCount:16]]
[2020.10.20-11.27.13:099][  0]LogConfig: Setting CVar [[r.HairStrands.DeepShadow.SuperSampling:0]]
[2020.10.20-11.27.13:099][  0]LogConfig: Setting CVar [[r.HairStrands.VisibilityPPLL:0]]
[2020.10.20-11.27.13:099][  0]LogConfig: Setting CVar [[r.HairStrands.RasterizationScale:0.5]]
[2020.10.20-11.27.13:099][  0]LogConfig: Setting CVar [[r.HairStrands.VelocityRasterizationScale:1]]
[2020.10.20-11.27.13:099][  0]LogInit: Selected Device Profile: [Windows]
[2020.10.20-11.27.13:099][  0]LogInit: Applying CVar settings loaded from the selected device profile: [Windows]
[2020.10.20-11.27.13:099][  0]LogHAL: Display: Platform has ~ 8 GB [8428617728 / 8589934592 / 8], which maps to Default [LargestMinGB=32, LargerMinGB=12, DefaultMinGB=8, SmallerMinGB=6, SmallestMinGB=0)
[2020.10.20-11.27.13:099][  0]LogInit: Going up to parent DeviceProfile []
[2020.10.20-11.27.13:099][  0]LogConfig: Applying CVar settings from Section [ViewDistanceQuality@3] File [D:/Dream-Haunt/DreamHaunt/Saved/Config/Windows/Scalability.ini]
[2020.10.20-11.27.13:099][  0]LogConfig: Setting CVar [[r.SkeletalMeshLODBias:0]]
[2020.10.20-11.27.13:099][  0]LogConfig: Setting CVar [[r.ViewDistanceScale:1.0]]
[2020.10.20-11.27.13:099][  0]LogConfig: Applying CVar settings from Section [AntiAliasingQuality@3] File [D:/Dream-Haunt/DreamHaunt/Saved/Config/Windows/Scalability.ini]
[2020.10.20-11.27.13:099][  0]LogConfig: Setting CVar [[r.PostProcessAAQuality:4]]
[2020.10.20-11.27.13:099][  0]LogConfig: Applying CVar settings from Section [ShadowQuality@3] File [D:/Dream-Haunt/DreamHaunt/Saved/Config/Windows/Scalability.ini]
[2020.10.20-11.27.13:099][  0]LogConfig: Setting CVar [[r.LightFunctionQuality:1]]
[2020.10.20-11.27.13:099][  0]LogConfig: Setting CVar [[r.ShadowQuality:5]]
[2020.10.20-11.27.13:099][  0]LogConfig: Setting CVar [[r.Shadow.CSM.MaxCascades:10]]
[2020.10.20-11.27.13:099][  0]LogConfig: Setting CVar [[r.Shadow.MaxResolution:2048]]
[2020.10.20-11.27.13:099][  0]LogConfig: Setting CVar [[r.Shadow.MaxCSMResolution:2048]]
[2020.10.20-11.27.13:099][  0]LogConfig: Setting CVar [[r.Shadow.RadiusThreshold:0.01]]
[2020.10.20-11.27.13:099][  0]LogConfig: Setting CVar [[r.Shadow.DistanceScale:1.0]]
[2020.10.20-11.27.13:099][  0]LogConfig: Setting CVar [[r.Shadow.CSM.TransitionScale:1.0]]
[2020.10.20-11.27.13:099][  0]LogConfig: Setting CVar [[r.Shadow.PreShadowResolutionFactor:1.0]]
[2020.10.20-11.27.13:099][  0]LogConfig: Setting CVar [[r.DistanceFieldShadowing:1]]
[2020.10.20-11.27.13:099][  0]LogConfig: Setting CVar [[r.DistanceFieldAO:1]]
[2020.10.20-11.27.13:099][  0]LogConfig: Setting CVar [[r.AOQuality:2]]
[2020.10.20-11.27.13:099][  0]LogConfig: Setting CVar [[r.VolumetricFog:1]]
[2020.10.20-11.27.13:099][  0]LogConfig: Setting CVar [[r.VolumetricFog.GridPixelSize:8]]
[2020.10.20-11.27.13:099][  0]LogConfig: Setting CVar [[r.VolumetricFog.GridSizeZ:128]]
[2020.10.20-11.27.13:099][  0]LogConfig: Setting CVar [[r.VolumetricFog.HistoryMissSupersampleCount:4]]
[2020.10.20-11.27.13:099][  0]LogConfig: Setting CVar [[r.LightMaxDrawDistanceScale:1]]
[2020.10.20-11.27.13:099][  0]LogConfig: Setting CVar [[r.CapsuleShadows:1]]
[2020.10.20-11.27.13:099][  0]LogConfig: Applying CVar settings from Section [PostProcessQuality@3] File [D:/Dream-Haunt/DreamHaunt/Saved/Config/Windows/Scalability.ini]
[2020.10.20-11.27.13:099][  0]LogConfig: Setting CVar [[r.MotionBlurQuality:4]]
[2020.10.20-11.27.13:099][  0]LogConfig: Setting CVar [[r.AmbientOcclusionMipLevelFactor:0.4]]
[2020.10.20-11.27.13:099][  0]LogConfig: Setting CVar [[r.AmbientOcclusionMaxQuality:100]]
[2020.10.20-11.27.13:099][  0]LogConfig: Setting CVar [[r.AmbientOcclusionLevels:-1]]
[2020.10.20-11.27.13:099][  0]LogConfig: Setting CVar [[r.AmbientOcclusionRadiusScale:1.0]]
[2020.10.20-11.27.13:099][  0]LogConfig: Setting CVar [[r.DepthOfFieldQuality:2]]
[2020.10.20-11.27.13:099][  0]LogConfig: Setting CVar [[r.RenderTargetPoolMin:400]]
[2020.10.20-11.27.13:099][  0]LogConfig: Setting CVar [[r.LensFlareQuality:2]]
[2020.10.20-11.27.13:099][  0]LogConfig: Setting CVar [[r.SceneColorFringeQuality:1]]
[2020.10.20-11.27.13:099][  0]LogConfig: Setting CVar [[r.EyeAdaptationQuality:2]]
[2020.10.20-11.27.13:099][  0]LogConfig: Setting CVar [[r.BloomQuality:5]]
[2020.10.20-11.27.13:099][  0]LogConfig: Setting CVar [[r.FastBlurThreshold:100]]
[2020.10.20-11.27.13:099][  0]LogConfig: Setting CVar [[r.Upscale.Quality:3]]
[2020.10.20-11.27.13:099][  0]LogConfig: Setting CVar [[r.Tonemapper.GrainQuantization:1]]
[2020.10.20-11.27.13:099][  0]LogConfig: Setting CVar [[r.LightShaftQuality:1]]
[2020.10.20-11.27.13:099][  0]LogConfig: Setting CVar [[r.Filter.SizeScale:1]]
[2020.10.20-11.27.13:099][  0]LogConfig: Setting CVar [[r.Tonemapper.Quality:5]]
[2020.10.20-11.27.13:099][  0]LogConfig: Setting CVar [[r.DOF.Gather.AccumulatorQuality:1        ; higher gathering accumulator quality]]
[2020.10.20-11.27.13:099][  0]LogConfig: Setting CVar [[r.DOF.Gather.PostfilterMethod:1          ; Median3x3 postfilering method]]
[2020.10.20-11.27.13:099][  0]LogConfig: Setting CVar [[r.DOF.Gather.EnableBokehSettings:0       ; no bokeh simulation when gathering]]
[2020.10.20-11.27.13:099][  0]LogConfig: Setting CVar [[r.DOF.Gather.RingCount:4                 ; medium number of samples when gathering]]
[2020.10.20-11.27.13:099][  0]LogConfig: Setting CVar [[r.DOF.Scatter.ForegroundCompositing:1    ; additive foreground scattering]]
[2020.10.20-11.27.13:099][  0]LogConfig: Setting CVar [[r.DOF.Scatter.BackgroundCompositing:2    ; additive background scattering]]
[2020.10.20-11.27.13:099][  0]LogConfig: Setting CVar [[r.DOF.Scatter.EnableBokehSettings:1      ; bokeh simulation when scattering]]
[2020.10.20-11.27.13:099][  0]LogConfig: Setting CVar [[r.DOF.Scatter.MaxSpriteRatio:0.1         ; only a maximum of 10% of scattered bokeh]]
[2020.10.20-11.27.13:099][  0]LogConfig: Setting CVar [[r.DOF.Recombine.Quality:1                ; cheap slight out of focus]]
[2020.10.20-11.27.13:099][  0]LogConfig: Setting CVar [[r.DOF.Recombine.EnableBokehSettings:0    ; no bokeh simulation on slight out of focus]]
[2020.10.20-11.27.13:099][  0]LogConfig: Setting CVar [[r.DOF.TemporalAAQuality:1                ; more stable temporal accumulation]]
[2020.10.20-11.27.13:099][  0]LogConfig: Setting CVar [[r.DOF.Kernel.MaxForegroundRadius:0.025]]
[2020.10.20-11.27.13:099][  0]LogConfig: Setting CVar [[r.DOF.Kernel.MaxBackgroundRadius:0.025]]
[2020.10.20-11.27.13:099][  0]LogConfig: Applying CVar settings from Section [TextureQuality@3] File [D:/Dream-Haunt/DreamHaunt/Saved/Config/Windows/Scalability.ini]
[2020.10.20-11.27.13:099][  0]LogConfig: Setting CVar [[r.Streaming.MipBias:0]]
[2020.10.20-11.27.13:099][  0]LogConfig: Setting CVar [[r.Streaming.AmortizeCPUToGPUCopy:0]]
[2020.10.20-11.27.13:099][  0]LogConfig: Setting CVar [[r.Streaming.MaxNumTexturesToStreamPerFrame:0]]
[2020.10.20-11.27.13:099][  0]LogConfig: Setting CVar [[r.Streaming.Boost:1]]
[2020.10.20-11.27.13:099][  0]LogConfig: Setting CVar [[r.MaxAnisotropy:8]]
[2020.10.20-11.27.13:099][  0]LogConfig: Setting CVar [[r.VT.MaxAnisotropy:8]]
[2020.10.20-11.27.13:099][  0]LogConfig: Setting CVar [[r.Streaming.LimitPoolSizeToVRAM:0]]
[2020.10.20-11.27.13:099][  0]LogConfig: Setting CVar [[r.Streaming.PoolSize:1000]]
[2020.10.20-11.27.13:099][  0]LogConfig: Setting CVar [[r.Streaming.MaxEffectiveScreenSize:0]]
[2020.10.20-11.27.13:099][  0]LogConfig: Applying CVar settings from Section [EffectsQuality@3] File [D:/Dream-Haunt/DreamHaunt/Saved/Config/Windows/Scalability.ini]
[2020.10.20-11.27.13:099][  0]LogConfig: Setting CVar [[r.TranslucencyLightingVolumeDim:64]]
[2020.10.20-11.27.13:099][  0]LogConfig: Setting CVar [[r.RefractionQuality:2]]
[2020.10.20-11.27.13:099][  0]LogConfig: Setting CVar [[r.SSR.Quality:3]]
[2020.10.20-11.27.13:099][  0]LogConfig: Setting CVar [[r.SSR.HalfResSceneColor:0]]
[2020.10.20-11.27.13:099][  0]LogConfig: Setting CVar [[r.SceneColorFormat:4]]
[2020.10.20-11.27.13:099][  0]LogConfig: Setting CVar [[r.DetailMode:2]]
[2020.10.20-11.27.13:099][  0]LogConfig: Setting CVar [[r.TranslucencyVolumeBlur:1]]
[2020.10.20-11.27.13:099][  0]LogConfig: Setting CVar [[r.MaterialQualityLevel:1 ; High quality]]
[2020.10.20-11.27.13:099][  0]LogConfig: Setting CVar [[r.SSS.Scale:1]]
[2020.10.20-11.27.13:099][  0]LogConfig: Setting CVar [[r.SSS.SampleSet:2]]
[2020.10.20-11.27.13:099][  0]LogConfig: Setting CVar [[r.SSS.Quality:1]]
[2020.10.20-11.27.13:099][  0]LogConfig: Setting CVar [[r.SSS.HalfRes:0]]
[2020.10.20-11.27.13:099][  0]LogConfig: Setting CVar [[r.SSGI.Quality:3]]
[2020.10.20-11.27.13:099][  0]LogConfig: Setting CVar [[r.EmitterSpawnRateScale:1.0]]
[2020.10.20-11.27.13:099][  0]LogConfig: Setting CVar [[r.ParticleLightQuality:2]]
[2020.10.20-11.27.13:099][  0]LogConfig: Setting CVar [[r.SkyAtmosphere.AerialPerspectiveLUT.FastApplyOnOpaque:1 ; Always have FastSkyLUT 1 in this case to avoid wrong sky]]
[2020.10.20-11.27.13:099][  0]LogConfig: Setting CVar [[r.SkyAtmosphere.AerialPerspectiveLUT.SampleCountPerSlice:1]]
[2020.10.20-11.27.13:099][  0]LogConfig: Setting CVar [[r.SkyAtmosphere.AerialPerspectiveLUT.DepthResolution:16.0]]
[2020.10.20-11.27.13:099][  0]LogConfig: Setting CVar [[r.SkyAtmosphere.FastSkyLUT:1]]
[2020.10.20-11.27.13:099][  0]LogConfig: Setting CVar [[r.SkyAtmosphere.FastSkyLUT.SampleCountMin:4.0]]
[2020.10.20-11.27.13:099][  0]LogConfig: Setting CVar [[r.SkyAtmosphere.FastSkyLUT.SampleCountMax:32.0]]
[2020.10.20-11.27.13:099][  0]LogConfig: Setting CVar [[r.SkyAtmosphere.SampleCountMin:4.0]]
[2020.10.20-11.27.13:099][  0]LogConfig: Setting CVar [[r.SkyAtmosphere.SampleCountMax:32.0]]
[2020.10.20-11.27.13:099][  0]LogConfig: Setting CVar [[r.SkyAtmosphere.TransmittanceLUT.UseSmallFormat:0]]
[2020.10.20-11.27.13:099][  0]LogConfig: Setting CVar [[r.SkyAtmosphere.TransmittanceLUT.SampleCount:10.0]]
[2020.10.20-11.27.13:099][  0]LogConfig: Setting CVar [[r.SkyAtmosphere.MultiScatteringLUT.SampleCount:15.0]]
[2020.10.20-11.27.13:099][  0]LogConfig: Applying CVar settings from Section [FoliageQuality@3] File [D:/Dream-Haunt/DreamHaunt/Saved/Config/Windows/Scalability.ini]
[2020.10.20-11.27.13:099][  0]LogConfig: Setting CVar [[foliage.DensityScale:1.0]]
[2020.10.20-11.27.13:099][  0]LogConfig: Setting CVar [[grass.DensityScale:1.0]]
[2020.10.20-11.27.13:099][  0]LogConfig: Applying CVar settings from Section [ShadingQuality@3] File [D:/Dream-Haunt/DreamHaunt/Saved/Config/Windows/Scalability.ini]
[2020.10.20-11.27.13:099][  0]LogConfig: Setting CVar [[r.HairStrands.SkyLighting.SampleCount:16]]
[2020.10.20-11.27.13:099][  0]LogConfig: Setting CVar [[r.HairStrands.SkyLighting.JitterIntegration:0]]
[2020.10.20-11.27.13:099][  0]LogConfig: Setting CVar [[r.HairStrands.SkyAO.SampleCount:16]]
[2020.10.20-11.27.13:099][  0]LogConfig: Setting CVar [[r.HairStrands.DeepShadow.SuperSampling:0]]
[2020.10.20-11.27.13:099][  0]LogConfig: Setting CVar [[r.HairStrands.VisibilityPPLL:0]]
[2020.10.20-11.27.13:099][  0]LogConfig: Setting CVar [[r.HairStrands.RasterizationScale:0.5]]
[2020.10.20-11.27.13:099][  0]LogConfig: Setting CVar [[r.HairStrands.VelocityRasterizationScale:1]]
[2020.10.20-11.27.13:099][  0]LogConfig: Applying CVar settings from Section [Startup] File [../../../Engine/Config/ConsoleVariables.ini]
[2020.10.20-11.27.13:099][  0]LogConfig: Setting CVar [[net.UseAdaptiveNetUpdateFrequency:0]]
[2020.10.20-11.27.13:099][  0]LogConfig: Setting CVar [[p.chaos.AllowCreatePhysxBodies:1]]
[2020.10.20-11.27.13:099][  0]LogConfig: Setting CVar [[fx.SkipVectorVMBackendOptimizations:1]]
[2020.10.20-11.27.13:099][  0]LogConfig: Applying CVar settings from Section [ConsoleVariables] File [D:/Dream-Haunt/DreamHaunt/Saved/Config/Windows/Engine.ini]
[2020.10.20-11.27.13:100][  0]LogInit: Computer: FAIIFUPWN
[2020.10.20-11.27.13:100][  0]LogInit: User: User
[2020.10.20-11.27.13:100][  0]LogInit: CPU Page size=4096, Cores=6
[2020.10.20-11.27.13:100][  0]LogInit: High frequency timer resolution =10.000000 MHz
[2020.10.20-11.27.13:100][  0]LogMemory: Memory total: Physical=7.8GB (8GB approx)
[2020.10.20-11.27.13:100][  0]LogMemory: Platform Memory Stats for Windows
[2020.10.20-11.27.13:100][  0]LogMemory: Process Physical Memory: 114.20 MB used, 114.21 MB peak
[2020.10.20-11.27.13:100][  0]LogMemory: Process Virtual Memory: 97.07 MB used, 97.07 MB peak
[2020.10.20-11.27.13:100][  0]LogMemory: Physical Memory: 5792.08 MB used,  2246.07 MB free, 8038.16 MB total
[2020.10.20-11.27.13:100][  0]LogMemory: Virtual Memory: 5165.12 MB used,  134212560.00 MB free, 134217728.00 MB total
[2020.10.20-11.27.13:105][  0]LogWindows: WindowsPlatformFeatures enabled
[2020.10.20-11.27.13:187][  0]LogInit: Physics initialised using underlying interface: PhysX
[2020.10.20-11.27.13:190][  0]LogInit: Using OS detected language (en-US).
[2020.10.20-11.27.13:190][  0]LogInit: Using OS detected locale (en-US).
[2020.10.20-11.27.13:200][  0]LogTextLocalizationManager: No specific localization for 'en-US' exists, so the 'en' localization will be used.
[2020.10.20-11.27.13:487][  0]LogInit: Setting process to per monitor DPI aware
[2020.10.20-11.27.13:517][  0]LogSlate: New Slate User Created.  User Index 0, Is Virtual User: 0
[2020.10.20-11.27.13:517][  0]LogSlate: Slate User Registered.  User Index 0, Is Virtual User: 0
[2020.10.20-11.27.13:789][  0]LogHMD: Failed to initialize OpenVR with code 110
[2020.10.20-11.27.13:789][  0]LogD3D11RHI: D3D11 min allowed feature level: 11_0
[2020.10.20-11.27.13:789][  0]LogD3D11RHI: D3D11 max allowed feature level: 11_0
[2020.10.20-11.27.13:789][  0]LogD3D11RHI: D3D11 adapters:
[2020.10.20-11.27.13:880][  0]LogD3D11RHI:    0. 'NVIDIA GeForce GTX 1050 Ti with Max-Q Design' (Feature Level 11_0)
[2020.10.20-11.27.13:880][  0]LogD3D11RHI:       4021/0/4019 MB DedicatedVideo/DedicatedSystem/SharedSystem, Outputs:1, VendorId:0x10de
[2020.10.20-11.27.13:897][  0]LogD3D11RHI:    1. 'Intel(R) UHD Graphics 630' (Feature Level 11_0)
[2020.10.20-11.27.13:897][  0]LogD3D11RHI:       128/0/4019 MB DedicatedVideo/DedicatedSystem/SharedSystem, Outputs:0, VendorId:0x8086
[2020.10.20-11.27.13:899][  0]LogD3D11RHI:    2. 'Microsoft Basic Render Driver' (Feature Level 11_0)
[2020.10.20-11.27.13:899][  0]LogD3D11RHI:       0/0/4019 MB DedicatedVideo/DedicatedSystem/SharedSystem, Outputs:0, VendorId:0x1414
[2020.10.20-11.27.13:899][  0]LogD3D11RHI: Chosen D3D11 Adapter: 0
[2020.10.20-11.27.13:909][  0]LogD3D11RHI: Creating new Direct3DDevice
[2020.10.20-11.27.13:910][  0]LogD3D11RHI:     GPU DeviceId: 0x1c8f (for the marketing name, search the web for "GPU Device Id")
[2020.10.20-11.27.13:910][  0]LogWindows: EnumDisplayDevices:
[2020.10.20-11.27.13:910][  0]LogWindows:    0. 'Intel(R) UHD Graphics 630' (P:1 D:1)
[2020.10.20-11.27.13:910][  0]LogWindows:    1. 'Intel(R) UHD Graphics 630' (P:0 D:0)
[2020.10.20-11.27.13:910][  0]LogWindows:    2. 'Intel(R) UHD Graphics 630' (P:0 D:0)
[2020.10.20-11.27.13:910][  0]LogWindows: DebugString: PrimaryIsNotTheChoosenAdapter PrimaryIsNotTheChoosenAdapter PrimaryIsNotTheChoosenAdapter FoundDriverCount:0 
[2020.10.20-11.27.13:910][  0]LogD3D11RHI:     Adapter Name: NVIDIA GeForce GTX 1050 Ti with Max-Q Design
[2020.10.20-11.27.13:910][  0]LogD3D11RHI:   Driver Version: Unknown (internal:Unknown, unified:Unknown)
[2020.10.20-11.27.13:910][  0]LogD3D11RHI:      Driver Date: Unknown
[2020.10.20-11.27.13:910][  0]LogRHI: Texture pool is 2814 MB (70% of 4021 MB)
[2020.10.20-11.27.13:997][  0]LogD3D11RHI: RHI has support for 64 bit atomics
[2020.10.20-11.27.14:001][  0]LogD3D11RHI: [Aftermath] Enabled and primed
[2020.10.20-11.27.14:001][  0]LogD3D11RHI: Async texture creation enabled
[2020.10.20-11.27.14:001][  0]LogD3D11RHI: Array index from any shader is supported
[2020.10.20-11.27.14:053][  0]LogD3D11RHI: GPU Timing Frequency: 1000.000000 (Debug: 2 1)
[2020.10.20-11.27.14:777][  0]LogTargetPlatformManager: Display: Loaded TargetPlatform 'AllDesktop'
[2020.10.20-11.27.14:796][  0]LogTargetPlatformManager: Display: Loaded TargetPlatform 'Android'
[2020.10.20-11.27.14:796][  0]LogTargetPlatformManager: Display: Loaded TargetPlatform 'Android_ASTC'
[2020.10.20-11.27.14:796][  0]LogTargetPlatformManager: Display: Loaded TargetPlatform 'Android_DXT'
[2020.10.20-11.27.14:796][  0]LogTargetPlatformManager: Display: Loaded TargetPlatform 'Android_ETC2'
[2020.10.20-11.27.14:796][  0]LogTargetPlatformManager: Display: Loaded TargetPlatform 'AndroidClient'
[2020.10.20-11.27.14:796][  0]LogTargetPlatformManager: Display: Loaded TargetPlatform 'Android_ASTCClient'
[2020.10.20-11.27.14:796][  0]LogTargetPlatformManager: Display: Loaded TargetPlatform 'Android_DXTClient'
[2020.10.20-11.27.14:796][  0]LogTargetPlatformManager: Display: Loaded TargetPlatform 'Android_ETC2Client'
[2020.10.20-11.27.14:796][  0]LogTargetPlatformManager: Display: Loaded TargetPlatform 'Android_Multi'
[2020.10.20-11.27.14:796][  0]LogTargetPlatformManager: Display: Loaded TargetPlatform 'Android_MultiClient'
[2020.10.20-11.27.14:817][  0]LogTargetPlatformManager: Display: Loaded TargetPlatform 'IOSClient'
[2020.10.20-11.27.14:817][  0]LogTargetPlatformManager: Display: Loaded TargetPlatform 'IOS'
[2020.10.20-11.27.14:826][  0]LogTargetPlatformManager: Display: Loaded TargetPlatform 'Linux'
[2020.10.20-11.27.14:834][  0]LogTargetPlatformManager: Display: Loaded TargetPlatform 'LinuxNoEditor'
[2020.10.20-11.27.14:843][  0]LogTargetPlatformManager: Display: Loaded TargetPlatform 'LinuxClient'
[2020.10.20-11.27.14:856][  0]LogTargetPlatformManager: Display: Loaded TargetPlatform 'LinuxServer'
[2020.10.20-11.27.14:872][  0]LogTargetPlatformManager: Display: Loaded TargetPlatform 'LinuxAArch64NoEditor'
[2020.10.20-11.27.14:887][  0]LogTargetPlatformManager: Display: Loaded TargetPlatform 'LinuxAArch64Client'
[2020.10.20-11.27.14:900][  0]LogTargetPlatformManager: Display: Loaded TargetPlatform 'LinuxAArch64Server'
[2020.10.20-11.27.14:925][  0]LogTargetPlatformManager: Display: Loaded TargetPlatform 'Lumin'
[2020.10.20-11.27.14:926][  0]LogTargetPlatformManager: Display: Loaded TargetPlatform 'LuminClient'
[2020.10.20-11.27.14:940][  0]LogTargetPlatformManager: Display: Loaded TargetPlatform 'TVOSClient'
[2020.10.20-11.27.14:940][  0]LogTargetPlatformManager: Display: Loaded TargetPlatform 'TVOS'
[2020.10.20-11.27.14:962][  0]LogTargetPlatformManager: Display: Loaded TargetPlatform 'WindowsNoEditor'
[2020.10.20-11.27.14:981][  0]LogTargetPlatformManager: Display: Loaded TargetPlatform 'Windows'
[2020.10.20-11.27.14:990][  0]LogTargetPlatformManager: Display: Loaded TargetPlatform 'WindowsClient'
[2020.10.20-11.27.15:000][  0]LogTargetPlatformManager: Display: Loaded TargetPlatform 'WindowsServer'
[2020.10.20-11.27.15:000][  0]LogTargetPlatformManager: Display: Building Assets For Windows
[2020.10.20-11.27.15:007][  0]LogAudioDebug: Display: Lib vorbis DLL was dynamically loaded.
[2020.10.20-11.27.15:070][  0]LogShaderCompilers: Guid format shader working directory is 19 characters bigger than the processId version (D:/Dream-Haunt/DreamHaunt/Intermediate/Shaders/WorkingDirectory/13304/).
[2020.10.20-11.27.15:070][  0]LogShaderCompilers: Cleaned the shader compiler working directory 'C:/Users/User/AppData/Local/Temp/UnrealShaderWorkingDir/E76C163A4FF8D53488BEF99B3D9DABC0/'.
[2020.10.20-11.27.15:071][  0]LogXGEController: Cannot use XGE Controller as Incredibuild is not installed on this machine.
[2020.10.20-11.27.15:071][  0]LogShaderCompilers: Cannot use XGE Shader Compiler as Incredibuild is not installed on this machine.
[2020.10.20-11.27.15:071][  0]LogShaderCompilers: Display: Using Local Shader Compiler.
[2020.10.20-11.27.15:868][  0]LogDerivedDataCache: Display: Max Cache Size: 512 MB
[2020.10.20-11.27.15:924][  0]LogDerivedDataCache: Loaded boot cache 0.06s 76MB C:/Users/User/AppData/Local/UnrealEngine/4.25/DerivedDataCache/Boot.ddc.
[2020.10.20-11.27.15:924][  0]LogDerivedDataCache: Display: Loaded Boot cache: C:/Users/User/AppData/Local/UnrealEngine/4.25/DerivedDataCache/Boot.ddc
[2020.10.20-11.27.15:924][  0]LogDerivedDataCache: FDerivedDataBackendGraph:  Pak pak cache file D:/Dream-Haunt/DreamHaunt/DerivedDataCache/DDC.ddp not found, will not use a pak cache.
[2020.10.20-11.27.15:924][  0]LogDerivedDataCache: Unable to find inner node Pak for hierarchical cache Hierarchy.
[2020.10.20-11.27.15:924][  0]LogDerivedDataCache: FDerivedDataBackendGraph:  CompressedPak pak cache file D:/Dream-Haunt/DreamHaunt/DerivedDataCache/Compressed.ddp not found, will not use a pak cache.
[2020.10.20-11.27.15:924][  0]LogDerivedDataCache: Unable to find inner node CompressedPak for hierarchical cache Hierarchy.
[2020.10.20-11.27.15:936][  0]LogDerivedDataCache: Display: Pak cache opened for reading ../../../Engine/DerivedDataCache/Compressed.ddp.
[2020.10.20-11.27.15:936][  0]LogDerivedDataCache: FDerivedDataBackendGraph:  EnterprisePak pak cache file ../../../Enterprise/DerivedDataCache/Compressed.ddp not found, will not use a pak cache.
[2020.10.20-11.27.15:936][  0]LogDerivedDataCache: Unable to find inner node EnterprisePak for hierarchical cache Hierarchy.
[2020.10.20-11.27.15:937][  0]LogDerivedDataCache: Using Local data cache path C:/Users/User/AppData/Local/UnrealEngine/Common/DerivedDataCache: Writable
[2020.10.20-11.27.15:937][  0]LogDerivedDataCache: Shared data cache path not found in *engine.ini, will not use an Shared cache.
[2020.10.20-11.27.15:937][  0]LogDerivedDataCache: Unable to find inner node Shared for hierarchical cache Hierarchy.
[2020.10.20-11.27.15:992][  0]LogSlate: Using FreeType 2.10.0
[2020.10.20-11.27.15:993][  0]LogSlate: SlateFontServices - WITH_FREETYPE: 1, WITH_HARFBUZZ: 1
[2020.10.20-11.27.16:019][  0]LogAssetRegistry: FAssetRegistry took 0.0025 seconds to start up
[2020.10.20-11.27.16:239][  0]LogInit: Selected Device Profile: [Windows]
[2020.10.20-11.27.16:351][  0]LogMeshReduction: Using QuadricMeshReduction for automatic static mesh reduction
[2020.10.20-11.27.16:351][  0]LogMeshReduction: Using SimplygonMeshReduction for automatic skeletal mesh reduction
[2020.10.20-11.27.16:351][  0]LogMeshReduction: Using ProxyLODMeshReduction for automatic mesh merging
[2020.10.20-11.27.16:351][  0]LogMeshReduction: No distributed automatic mesh merging module available
[2020.10.20-11.27.16:351][  0]LogMeshMerging: No distributed automatic mesh merging module available
[2020.10.20-11.27.16:367][  0]LogNetVersion: DreamHaunt 1.0.0, NetCL: 13144385, EngineNetVer: 14, GameNetVer: 0 (Checksum: 741103372)
[2020.10.20-11.27.16:916][  0]LogAISub: UAISubsystem::UAISubsystem AISubsystem (000001E1706A02C0), frame # 0
[2020.10.20-11.27.16:916][  0]LogAISub: UAISubsystem::UAISubsystem AIPerceptionSystem (000001E1705DEAC0), frame # 0
[2020.10.20-11.27.16:920][  0]LogAISub: UAISubsystem::UAISubsystem EnvQueryManager (000001E170639E00), frame # 0
[2020.10.20-11.27.17:062][  0]LogPackageLocalizationCache: Processed 19 localized package path(s) for 1 prioritized culture(s) in 0.123043 seconds
[2020.10.20-11.27.17:078][  0]LogUObjectArray: 15917 objects as part of root set at end of initial load.
[2020.10.20-11.27.17:079][  0]LogUObjectAllocator: 3965568 out of 0 bytes used by permanent object pool.
[2020.10.20-11.27.17:079][  0]LogUObjectArray: CloseDisregardForGC: 0/0 objects in disregard for GC pool
[2020.10.20-11.27.17:610][  0]LogTcpMessaging: Initializing TcpMessaging bridge
[2020.10.20-11.27.17:620][  0]LogUdpMessaging: Initializing bridge on interface 0.0.0.0:0 to multicast group 230.0.0.1:6666.
[2020.10.20-11.27.17:750][  0]SourceControl: Source control is disabled
[2020.10.20-11.27.17:750][  0]SourceControl: Source control is disabled
[2020.10.20-11.27.17:754][  0]SourceControl: Source control is disabled
[2020.10.20-11.27.17:759][  0]SourceControl: Source control is disabled
[2020.10.20-11.27.17:767][  0]SourceControl: Source control is disabled
[2020.10.20-11.27.17:780][  0]LogVSAccessor: Display: Unable to create Visual Studio setup instance: 80040154
[2020.10.20-11.27.17:781][  0]LogVSAccessor: Display: Unable to create Visual Studio setup instance: 80040154
[2020.10.20-11.27.18:055][  0]LogAndroidPermission: UAndroidPermissionCallbackProxy::GetInstance
[2020.10.20-11.27.18:106][  0]LogAudioCaptureCore: Display: No Audio Capture implementations found. Audio input will be silent.
[2020.10.20-11.27.18:106][  0]LogAudioCaptureCore: Display: No Audio Capture implementations found. Audio input will be silent.
[2020.10.20-11.27.18:216][  0]LogOcInput: OculusInput pre-init called
[2020.10.20-11.27.18:229][  0]LogWindows: Failed to load 'OVRPlugin.dll' (GetLastError=126)
[2020.10.20-11.27.18:229][  0]LogWindows: File 'OVRPlugin.dll' does not exist
[2020.10.20-11.27.18:302][  0]LogEngine: Initializing Engine...
[2020.10.20-11.27.18:303][  0]LogHMD: Failed to initialize OpenVR with code 110
[2020.10.20-11.27.18:303][  0]LogMagicLeap: Warning: VR disabled because ZI is not enabled.  To enable, in the editor, Edit -> Project Settings -> Plugins -> Magic Leap Plugin -> Enable Zero Iteration
[2020.10.20-11.27.18:304][  0]LogStats: UGameplayTagsManager::InitializeManager -  0.000 s
[2020.10.20-11.27.18:439][  0]LogInit: Initializing FReadOnlyCVARCache
[2020.10.20-11.27.18:449][  0]LogAIModule: Creating AISystem for world Untitled
[2020.10.20-11.27.18:449][  0]LogAISub: UAISubsystem::UAISubsystem EnvQueryManager (000001E172447C00), frame # 0
[2020.10.20-11.27.18:449][  0]LogAISub: UAISubsystem::UAISubsystem AIPerceptionSystem (000001E1724B7380), frame # 0
[2020.10.20-11.27.18:502][  0]LogAudioMixer: Display: Audio Mixer Platform Settings:
[2020.10.20-11.27.18:502][  0]LogAudioMixer: Display: 	Sample Rate:						  48000
[2020.10.20-11.27.18:502][  0]LogAudioMixer: Display: 	Callback Buffer Frame Size Requested: 1024
[2020.10.20-11.27.18:502][  0]LogAudioMixer: Display: 	Callback Buffer Frame Size To Use:	  1024
[2020.10.20-11.27.18:502][  0]LogAudioMixer: Display: 	Number of buffers to queue:			  2
[2020.10.20-11.27.18:502][  0]LogAudioMixer: Display: 	Max Channels (voices):				  32
[2020.10.20-11.27.18:502][  0]LogAudioMixer: Display: 	Number of Async Source Workers:		  0
[2020.10.20-11.27.18:502][  0]LogAudio: Display: AudioDevice MaxSources: 32
[2020.10.20-11.27.18:503][  0]LogAudio: Display: Using built-in audio occlusion.
[2020.10.20-11.27.18:503][  0]LogAudioMixer: Display: Initializing audio mixer.
[2020.10.20-11.27.18:534][  0]LogAudioMixer: Display: 0: FrontLeft
[2020.10.20-11.27.18:534][  0]LogAudioMixer: Display: 1: FrontRight
[2020.10.20-11.27.18:621][  0]LogAudioMixer: Display: Using Audio Device Speakers (Realtek(R) Audio)
[2020.10.20-11.27.18:630][  0]LogAudioMixer: Display: Initializing Sound Submixes...
[2020.10.20-11.27.18:637][  0]LogAudioMixer: Display: Creating Master Submix 'MasterSubmixDefault'
[2020.10.20-11.27.18:637][  0]LogAudioMixer: Display: Creating Master Submix 'MasterReverbSubmixDefault'
[2020.10.20-11.27.18:641][  0]LogAudioMixer: Display: Creating Master Submix 'MasterEQSubmixDefault'
[2020.10.20-11.27.18:642][  0]LogInit: FAudioDevice initialized.
[2020.10.20-11.27.18:643][  0]LogNetVersion: Set ProjectVersion to 1.0.0.0. Version Checksum will be recalculated on next use.
[2020.10.20-11.27.20:747][  0]LogDerivedDataCache: Saved boot cache 2.10s 76MB C:/Users/User/AppData/Local/UnrealEngine/4.25/DerivedDataCache/Boot.ddc.
[2020.10.20-11.27.20:759][  0]LogInit: Texture streaming: Enabled
[2020.10.20-11.27.20:807][  0]LogEngineSessionManager: EngineSessionManager initialized
[2020.10.20-11.27.20:807][  0]LogEditorSessionSummary: Verbose: Initializing EditorSessionSummaryWriter for editor session tracking
[2020.10.20-11.27.20:832][  0]LogEditorSessionSummary: EditorSessionSummaryWriter initialized
[2020.10.20-11.27.20:995][  0]LogInit: Transaction tracking system initialized
[2020.10.20-11.27.21:061][  0]BlueprintLog: New page: Editor Load
[2020.10.20-11.27.21:284][  0]LocalizationService: Localization service is disabled
[2020.10.20-11.27.21:534][  0]LogVSAccessor: Display: Unable to create Visual Studio setup instance: 80040154
[2020.10.20-11.27.21:537][  0]LogVSAccessor: Display: Unable to create Visual Studio setup instance: 80040154
[2020.10.20-11.27.21:812][  0]LogCook: Display: Max memory allowance for cook 16384mb min free memory 0mb
[2020.10.20-11.27.21:813][  0]LogCook: Display: Mobile HDR setting 1
[2020.10.20-11.27.22:126][  0]LogFileCache: Scanning file cache for directory 'D:/Dream-Haunt/DreamHaunt/Content/' took 0.01s
[2020.10.20-11.27.22:725][  0]SourceControl: Source control is disabled
[2020.10.20-11.27.22:725][  0]LogUnrealEdMisc: Loading editor; pre map load, took 11.731
[2020.10.20-11.27.22:725][  0]Cmd: MAP LOAD FILE="D:/Dream-Haunt/DreamHaunt/Content/FirstPersonBP/Maps/FirstPersonExampleMap.umap" TEMPLATE=0 SHOWPROGRESS=1 FEATURELEVEL=3
[2020.10.20-11.27.22:726][  0]LightingResults: New page: Lighting Build
[2020.10.20-11.27.22:727][  0]LogWorld: UWorld::CleanupWorld for Untitled, bSessionEnded=true, bCleanupResources=true
[2020.10.20-11.27.22:729][  0]LogSlate: InvalidateAllWidgets triggered.  All widgets were invalidated
[2020.10.20-11.27.22:729][  0]MapCheck: New page: Map Check
[2020.10.20-11.27.22:729][  0]LightingResults: New page: Lighting Build
[2020.10.20-11.27.22:760][  0]LogAISub: UAISubsystem::~UAISubsystem EnvQueryManager (000001E172447C00), frame # 0
[2020.10.20-11.27.22:761][  0]LogAISub: UAISubsystem::~UAISubsystem AIPerceptionSystem (000001E1724B7380), frame # 0
[2020.10.20-11.27.22:762][  0]LogUObjectHash: Compacting FUObjectHashTables data took   1.36ms
[2020.10.20-11.27.23:466][  0]LogAIModule: Creating AISystem for world FirstPersonExampleMap
[2020.10.20-11.27.23:466][  0]LogAISub: UAISubsystem::UAISubsystem EnvQueryManager (000001E159456400), frame # 0
[2020.10.20-11.27.23:466][  0]LogAISub: UAISubsystem::UAISubsystem AIPerceptionSystem (000001E1594B65C0), frame # 0
[2020.10.20-11.27.23:543][  0]LogEditorServer: Finished looking for orphan Actors (0.000 secs)
[2020.10.20-11.27.23:596][  0]LogUObjectHash: Compacting FUObjectHashTables data took   1.87ms
[2020.10.20-11.27.23:596][  0]Cmd: MAP CHECKDEP NOCLEARLOG
[2020.10.20-11.27.23:597][  0]MapCheck: Map check complete: 0 Error(s), 0 Warning(s), took 0.189ms to complete.
[2020.10.20-11.27.23:597][  0]LogFileHelpers: Loading map 'FirstPersonExampleMap' took 0.873
[2020.10.20-11.27.23:601][  0]LogUnrealEdMisc: Total Editor Startup Time, took 12.608
[2020.10.20-11.27.23:846][  0]LogSlate: Updating window title bar state: overlay mode, drag disabled, window buttons hidden, title bar hidden
[2020.10.20-11.27.23:869][  0]LogSlate: Updating window title bar state: overlay mode, drag disabled, window buttons hidden, title bar hidden
[2020.10.20-11.27.23:893][  0]LogSlate: Updating window title bar state: overlay mode, drag disabled, window buttons hidden, title bar hidden
[2020.10.20-11.27.23:917][  0]LogSlate: Updating window title bar state: overlay mode, drag disabled, window buttons hidden, title bar hidden
[2020.10.20-11.27.23:940][  0]LogCollectionManager: Loaded 0 collections in 0.007093 seconds
[2020.10.20-11.27.23:986][  0]LogFileCache: Scanning file cache for directory 'D:/Dream-Haunt/DreamHaunt/Saved/Collections/' took 0.00s
[2020.10.20-11.27.23:986][  0]LogFileCache: Scanning file cache for directory 'D:/Dream-Haunt/DreamHaunt/Content/Developers/User/Collections/' took 0.00s
[2020.10.20-11.27.23:986][  0]LogFileCache: Scanning file cache for directory 'D:/Dream-Haunt/DreamHaunt/Content/Collections/' took 0.00s
[2020.10.20-11.27.23:986][  0]LogContentBrowser: Native class hierarchy populated in 0.0309 seconds. Added 3427 classes and 821 folders.
[2020.10.20-11.27.23:994][  0]LogContentBrowser: Native class hierarchy updated for 'WidgetCarousel' in 0.0006 seconds. Added 0 classes and 0 folders.
[2020.10.20-11.27.24:179][  0]LogContentBrowser: Native class hierarchy updated for 'AddContentDialog' in 0.0007 seconds. Added 0 classes and 0 folders.
[2020.10.20-11.27.24:183][  0]LogContentBrowser: Native class hierarchy updated for 'SceneOutliner' in 0.0006 seconds. Added 2 classes and 0 folders.
[2020.10.20-11.27.24:287][  0]LogSlate: Took 0.000477 seconds to synchronously load lazily loaded font '../../../Engine/Content/Slate/Fonts/Roboto-Regular.ttf' (155K)
[2020.10.20-11.27.24:296][  0]LogSlate: Took 0.000579 seconds to synchronously load lazily loaded font '../../../Engine/Content/Slate/Fonts/Roboto-Bold.ttf' (160K)
[2020.10.20-11.27.24:312][  0]LogSlate: Took 0.000427 seconds to synchronously load lazily loaded font '../../../Engine/Content/Editor/Slate/Fonts/FontAwesome.ttf' (139K)
[2020.10.20-11.27.24:566][  0]LogRenderer: Reallocating scene render targets to support 868x432 Format 10 NumSamples 1 (Frame:1).
[2020.10.20-11.27.25:257][  0]LogContentBrowser: Native class hierarchy updated for 'HierarchicalLODOutliner' in 0.0010 seconds. Added 0 classes and 0 folders.
[2020.10.20-11.27.25:257][  0]LogLoad: (Engine Initialization) Total time: 14.26 seconds
[2020.10.20-11.27.25:258][  0]LogLoad: (Engine Initialization) Total Blueprint compile time: 0.00 seconds
[2020.10.20-11.27.25:318][  0]LogAssetRegistry: Asset discovery search completed in 9.2997 seconds
[2020.10.20-11.27.25:322][  0]LogCollectionManager: Fixed up redirectors for 0 collections in 0.000003 seconds (updated 0 objects)
[2020.10.20-11.27.25:324][  0]LogContentStreaming: Texture pool size now 1000 MB
[2020.10.20-11.27.25:342][  0]LogSlate: Took 0.000211 seconds to synchronously load lazily loaded font '../../../Engine/Content/Slate/Fonts/Roboto-Light.ttf' (167K)
[2020.10.20-11.27.26:333][ 50]LogSlate: Took 0.000334 seconds to synchronously load lazily loaded font '../../../Engine/Content/Slate/Fonts/Roboto-Light.ttf' (167K)
[2020.10.20-11.27.56:146][658]LogAssetEditorSubsystem: Opening Asset editor for Blueprint /Game/item.item
[2020.10.20-11.27.56:736][658]LogContentBrowser: Native class hierarchy updated for 'BlueprintGraph' in 0.0014 seconds. Added 125 classes and 0 folders.
[2020.10.20-11.28.12:733][758]LogSlate: Window 'item' being destroyed
[2020.10.20-11.28.12:767][758]LogWorld: UWorld::CleanupWorld for World_0, bSessionEnded=true, bCleanupResources=true
[2020.10.20-11.28.12:767][758]LogSlate: InvalidateAllWidgets triggered.  All widgets were invalidated
[2020.10.20-11.28.12:976][758]LogAssetEditorSubsystem: Opening Asset editor for Blueprint /Game/item.item
[2020.10.20-11.28.14:237][758]LogSlate: Took 0.000461 seconds to synchronously load lazily loaded font '../../../Engine/Content/Slate/Fonts/Roboto-BoldCondensed.ttf' (158K)
[2020.10.20-11.28.17:075][874]LogSlate: Took 0.019196 seconds to synchronously load lazily loaded font '../../../Engine/Content/Slate/Fonts/Roboto-Italic.ttf' (157K)
[2020.10.20-11.28.28:414][332]LogRenderer: Reallocating scene render targets to support 912x684 Format 10 NumSamples 1 (Frame:202).
[2020.10.20-11.29.42:416][901]BlueprintLog: New page: Compile item
[2020.10.20-11.29.42:739][901]LogUObjectHash: Compacting FUObjectHashTables data took  14.25ms
[2020.10.20-11.30.50:028][349]LogTemp: Repeating last play command: Selected Viewport
[2020.10.20-11.30.50:201][349]LogPlayLevel: PlayLevel: No blueprints needed recompiling
[2020.10.20-11.30.50:329][349]PIE: New page: PIE session: FirstPersonExampleMap (Oct 21, 2020, 1:30:50 AM)
[2020.10.20-11.30.50:372][349]LogOnline: OSS: Creating online subsystem instance for: NULL
[2020.10.20-11.30.50:404][349]LogOnline: OSS: TryLoadSubsystemAndSetDefault: Loaded subsystem for module [NULL]
[2020.10.20-11.30.50:450][349]LogPlayLevel: Creating play world package: /Game/FirstPersonBP/Maps/UEDPIE_0_FirstPersonExampleMap
[2020.10.20-11.30.50:645][349]LogPlayLevel: PIE: StaticDuplicateObject took: (0.195241s)
[2020.10.20-11.30.50:695][349]LogAIModule: Creating AISystem for world FirstPersonExampleMap
[2020.10.20-11.30.50:695][349]LogAISub: UAISubsystem::UAISubsystem EnvQueryManager (000001E12C7C2000), frame # 5349
[2020.10.20-11.30.50:695][349]LogAISub: UAISubsystem::UAISubsystem AIPerceptionSystem (000001E130681440), frame # 5349
[2020.10.20-11.30.50:695][349]LogPlayLevel: PIE: World Init took: (0.049551s)
[2020.10.20-11.30.50:696][349]LogPlayLevel: PIE: Created PIE world by copying editor world from /Game/FirstPersonBP/Maps/FirstPersonExampleMap.FirstPersonExampleMap to /Game/FirstPersonBP/Maps/UEDPIE_0_FirstPersonExampleMap.FirstPersonExampleMap (0.245331s)
[2020.10.20-11.30.50:814][349]LogUObjectHash: Compacting FUObjectHashTables data took  11.35ms
[2020.10.20-11.30.50:883][349]LogAudioMixer: Display: Audio Mixer Platform Settings:
[2020.10.20-11.30.50:883][349]LogAudioMixer: Display: 	Sample Rate:						  48000
[2020.10.20-11.30.50:883][349]LogAudioMixer: Display: 	Callback Buffer Frame Size Requested: 1024
[2020.10.20-11.30.50:883][349]LogAudioMixer: Display: 	Callback Buffer Frame Size To Use:	  1024
[2020.10.20-11.30.50:883][349]LogAudioMixer: Display: 	Number of buffers to queue:			  2
[2020.10.20-11.30.50:883][349]LogAudioMixer: Display: 	Max Channels (voices):				  32
[2020.10.20-11.30.50:883][349]LogAudioMixer: Display: 	Number of Async Source Workers:		  0
[2020.10.20-11.30.50:883][349]LogAudio: Display: AudioDevice MaxSources: 32
[2020.10.20-11.30.50:884][349]LogAudio: Display: Using built-in audio occlusion.
[2020.10.20-11.30.50:884][349]LogAudioMixer: Display: Initializing audio mixer.
[2020.10.20-11.30.50:894][349]LogAudioMixer: Display: 0: FrontLeft
[2020.10.20-11.30.50:894][349]LogAudioMixer: Display: 1: FrontRight
[2020.10.20-11.30.50:938][349]LogAudioMixer: Display: Using Audio Device Speakers (Realtek(R) Audio)
[2020.10.20-11.30.50:939][349]LogAudioMixer: Display: Initializing Sound Submixes...
[2020.10.20-11.30.50:939][349]LogAudioMixer: Display: Creating Master Submix 'MasterSubmixDefault'
[2020.10.20-11.30.50:939][349]LogAudioMixer: Display: Creating Master Submix 'MasterReverbSubmixDefault'
[2020.10.20-11.30.50:941][349]LogAudioMixer: Display: Creating Master Submix 'MasterEQSubmixDefault'
[2020.10.20-11.30.50:990][349]LogInit: FAudioDevice initialized.
[2020.10.20-11.30.51:200][349]LogLoad: Game class is 'FirstPersonGameMode_C'
[2020.10.20-11.30.51:210][349]LogWorld: Bringing World /Game/FirstPersonBP/Maps/UEDPIE_0_FirstPersonExampleMap.FirstPersonExampleMap up for play (max tick rate 0) at 2020.10.20-18.30.51
[2020.10.20-11.30.51:242][349]LogWorld: Bringing up level for play took: 0.030976
[2020.10.20-11.30.51:244][349]LogOnline: OSS: Creating online subsystem instance for: :Context_6
[2020.10.20-11.30.51:582][349]LogContentBrowser: Native class hierarchy updated for 'MovieSceneCapture' in 0.0012 seconds. Added 20 classes and 0 folders.
[2020.10.20-11.30.51:749][349]PIE: Server logged in
[2020.10.20-11.30.51:751][349]PIE: Play in editor total start time 1.628 seconds.
[2020.10.20-11.30.54:562][409]LogSlate: Updating window title bar state: overlay mode, drag disabled, window buttons hidden, title bar hidden
[2020.10.20-11.30.54:562][409]LogWorld: BeginTearingDown for /Game/FirstPersonBP/Maps/UEDPIE_0_FirstPersonExampleMap
[2020.10.20-11.30.54:572][409]LogWorld: UWorld::CleanupWorld for FirstPersonExampleMap, bSessionEnded=true, bCleanupResources=true
[2020.10.20-11.30.54:586][409]LogSlate: InvalidateAllWidgets triggered.  All widgets were invalidated
[2020.10.20-11.30.54:603][409]LogPlayLevel: Display: Shutting down PIE online subsystems
[2020.10.20-11.30.54:625][409]LogSlate: InvalidateAllWidgets triggered.  All widgets were invalidated
[2020.10.20-11.30.54:704][409]LogSlate: Updating window title bar state: overlay mode, drag disabled, window buttons hidden, title bar hidden
[2020.10.20-11.30.54:857][409]LogAISub: UAISubsystem::~UAISubsystem AIPerceptionSystem (000001E130681440), frame # 5409
[2020.10.20-11.30.54:857][409]LogAISub: UAISubsystem::~UAISubsystem EnvQueryManager (000001E12C7C2000), frame # 5409
[2020.10.20-11.30.54:955][409]LogUObjectHash: Compacting FUObjectHashTables data took  12.84ms
[2020.10.20-11.30.55:032][410]LogPlayLevel: Display: Destroying online subsystem :Context_6
[2020.10.20-11.31.05:568][  4]BlueprintLog: New page: Compile item
[2020.10.20-11.31.05:698][  4]LogUObjectHash: Compacting FUObjectHashTables data took   5.71ms
[2020.10.20-11.31.29:928][441]LogUObjectHash: Compacting FUObjectHashTables data took   5.51ms
[2020.10.20-11.31.30:100][441]LogSavePackage: Moving 'D:/Dream-Haunt/DreamHaunt/Saved/FirstPersonExampleMap0ED414F948A837DC107BF7A97253A633.tmp' to 'D:/Dream-Haunt/DreamHaunt/Content/FirstPersonBP/Maps/FirstPersonExampleMap.umap'
[2020.10.20-11.31.30:239][441]Cmd: OBJ SAVEPACKAGE PACKAGE="/Game/FirstPersonBP/Maps/FirstPersonExampleMap_BuiltData" FILE="D:/Dream-Haunt/DreamHaunt/Content/FirstPersonBP/Maps/FirstPersonExampleMap_BuiltData.uasset" SILENT=true
[2020.10.20-11.31.33:253][441]LogSavePackage: Moving 'D:/Dream-Haunt/DreamHaunt/Saved/FirstPersonExampleMap_BuiltData8F4F733B4E421FBFB58AF6A663E72DAD.tmp' to 'D:/Dream-Haunt/DreamHaunt/Content/FirstPersonBP/Maps/FirstPersonExampleMap_BuiltData.uasset'
[2020.10.20-11.31.33:334][441]AssetCheck: New page: Asset Save: multiple assets
[2020.10.20-11.31.33:335][441]LogContentValidation: Display: Validating World /Game/FirstPersonBP/Maps/FirstPersonExampleMap.FirstPersonExampleMap
[2020.10.20-11.31.33:335][441]LogContentValidation: Display: Validating MapBuildDataRegistry /Game/FirstPersonBP/Maps/FirstPersonExampleMap_BuiltData.FirstPersonExampleMap_BuiltData
[2020.10.20-11.31.41:452][788]LogTemp: Repeating last play command: Selected Viewport
[2020.10.20-11.31.41:498][788]LogPlayLevel: PlayLevel: No blueprints needed recompiling
[2020.10.20-11.31.41:498][788]PIE: New page: PIE session: FirstPersonExampleMap (Oct 21, 2020, 1:31:41 AM)
[2020.10.20-11.31.41:498][788]LogPlayLevel: Creating play world package: /Game/FirstPersonBP/Maps/UEDPIE_0_FirstPersonExampleMap
[2020.10.20-11.31.41:532][788]LogPlayLevel: PIE: StaticDuplicateObject took: (0.033604s)
[2020.10.20-11.31.41:535][788]LogAIModule: Creating AISystem for world FirstPersonExampleMap
[2020.10.20-11.31.41:535][788]LogAISub: UAISubsystem::UAISubsystem EnvQueryManager (000001E1A3853E00), frame # 7788
[2020.10.20-11.31.41:535][788]LogAISub: UAISubsystem::UAISubsystem AIPerceptionSystem (000001E158686340), frame # 7788
[2020.10.20-11.31.41:535][788]LogPlayLevel: PIE: World Init took: (0.002962s)
[2020.10.20-11.31.41:536][788]LogPlayLevel: PIE: Created PIE world by copying editor world from /Game/FirstPersonBP/Maps/FirstPersonExampleMap.FirstPersonExampleMap to /Game/FirstPersonBP/Maps/UEDPIE_0_FirstPersonExampleMap.FirstPersonExampleMap (0.036861s)
[2020.10.20-11.31.41:600][788]LogUObjectHash: Compacting FUObjectHashTables data took   6.42ms
[2020.10.20-11.31.41:614][788]LogAudioMixer: Display: Audio Mixer Platform Settings:
[2020.10.20-11.31.41:614][788]LogAudioMixer: Display: 	Sample Rate:						  48000
[2020.10.20-11.31.41:614][788]LogAudioMixer: Display: 	Callback Buffer Frame Size Requested: 1024
[2020.10.20-11.31.41:614][788]LogAudioMixer: Display: 	Callback Buffer Frame Size To Use:	  1024
[2020.10.20-11.31.41:615][788]LogAudioMixer: Display: 	Number of buffers to queue:			  2
[2020.10.20-11.31.41:615][788]LogAudioMixer: Display: 	Max Channels (voices):				  32
[2020.10.20-11.31.41:615][788]LogAudioMixer: Display: 	Number of Async Source Workers:		  0
[2020.10.20-11.31.41:615][788]LogAudio: Display: AudioDevice MaxSources: 32
[2020.10.20-11.31.41:615][788]LogAudio: Display: Using built-in audio occlusion.
[2020.10.20-11.31.41:616][788]LogAudioMixer: Display: Initializing audio mixer.
[2020.10.20-11.31.41:623][788]LogAudioMixer: Display: 0: FrontLeft
[2020.10.20-11.31.41:623][788]LogAudioMixer: Display: 1: FrontRight
[2020.10.20-11.31.41:648][788]LogAudioMixer: Display: Using Audio Device Speakers (Realtek(R) Audio)
[2020.10.20-11.31.41:648][788]LogAudioMixer: Display: Initializing Sound Submixes...
[2020.10.20-11.31.41:648][788]LogAudioMixer: Display: Creating Master Submix 'MasterSubmixDefault'
[2020.10.20-11.31.41:648][788]LogAudioMixer: Display: Creating Master Submix 'MasterReverbSubmixDefault'
[2020.10.20-11.31.41:649][788]LogAudioMixer: Display: Creating Master Submix 'MasterEQSubmixDefault'
[2020.10.20-11.31.41:672][788]LogInit: FAudioDevice initialized.
[2020.10.20-11.31.41:690][788]LogLoad: Game class is 'FirstPersonGameMode_C'
[2020.10.20-11.31.41:695][788]LogWorld: Bringing World /Game/FirstPersonBP/Maps/UEDPIE_0_FirstPersonExampleMap.FirstPersonExampleMap up for play (max tick rate 0) at 2020.10.20-18.31.41
[2020.10.20-11.31.41:695][788]LogWorld: Bringing up level for play took: 0.003981
[2020.10.20-11.31.41:696][788]LogOnline: OSS: Creating online subsystem instance for: :Context_7
[2020.10.20-11.31.41:735][788]PIE: Server logged in
[2020.10.20-11.31.41:736][788]PIE: Play in editor total start time 0.256 seconds.
[2020.10.20-11.31.49:620][231]LogSlate: Updating window title bar state: overlay mode, drag disabled, window buttons hidden, title bar hidden
[2020.10.20-11.31.49:621][231]LogWorld: BeginTearingDown for /Game/FirstPersonBP/Maps/UEDPIE_0_FirstPersonExampleMap
[2020.10.20-11.31.49:621][231]LogWorld: UWorld::CleanupWorld for FirstPersonExampleMap, bSessionEnded=true, bCleanupResources=true
[2020.10.20-11.31.49:623][231]LogSlate: InvalidateAllWidgets triggered.  All widgets were invalidated
[2020.10.20-11.31.49:638][231]LogPlayLevel: Display: Shutting down PIE online subsystems
[2020.10.20-11.31.49:649][231]LogSlate: InvalidateAllWidgets triggered.  All widgets were invalidated
[2020.10.20-11.31.49:741][231]LogSlate: Updating window title bar state: overlay mode, drag disabled, window buttons hidden, title bar hidden
[2020.10.20-11.31.49:743][231]LogAISub: UAISubsystem::~UAISubsystem AIPerceptionSystem (000001E158686340), frame # 8231
[2020.10.20-11.31.49:743][231]LogAISub: UAISubsystem::~UAISubsystem EnvQueryManager (000001E1A3853E00), frame # 8231
[2020.10.20-11.31.49:748][231]LogUObjectHash: Compacting FUObjectHashTables data took   5.06ms
[2020.10.20-11.31.49:795][232]LogPlayLevel: Display: Destroying online subsystem :Context_7
[2020.10.20-11.32.00:734][904]LogEditorViewport: Clicking on Actor (LMB): StaticMeshActor (Floor)
[2020.10.20-11.32.07:104][169]LogTemp: Repeating last play command: Selected Viewport
[2020.10.20-11.32.07:143][169]LogPlayLevel: PlayLevel: No blueprints needed recompiling
[2020.10.20-11.32.07:143][169]PIE: New page: PIE session: FirstPersonExampleMap (Oct 21, 2020, 1:32:07 AM)
[2020.10.20-11.32.07:143][169]LogPlayLevel: Creating play world package: /Game/FirstPersonBP/Maps/UEDPIE_0_FirstPersonExampleMap
[2020.10.20-11.32.07:182][169]LogPlayLevel: PIE: StaticDuplicateObject took: (0.038587s)
[2020.10.20-11.32.07:185][169]LogAIModule: Creating AISystem for world FirstPersonExampleMap
[2020.10.20-11.32.07:185][169]LogAISub: UAISubsystem::UAISubsystem EnvQueryManager (000001E19ADCBC00), frame # 9169
[2020.10.20-11.32.07:246][169]LogAISub: UAISubsystem::UAISubsystem AIPerceptionSystem (000001E158686C00), frame # 9169
[2020.10.20-11.32.07:247][169]LogPlayLevel: PIE: World Init took: (0.064809s)
[2020.10.20-11.32.07:247][169]LogPlayLevel: PIE: Created PIE world by copying editor world from /Game/FirstPersonBP/Maps/FirstPersonExampleMap.FirstPersonExampleMap to /Game/FirstPersonBP/Maps/UEDPIE_0_FirstPersonExampleMap.FirstPersonExampleMap (0.103868s)
[2020.10.20-11.32.07:319][169]LogUObjectHash: Compacting FUObjectHashTables data took   5.59ms
[2020.10.20-11.32.07:322][169]LogAudioMixer: Display: Audio Mixer Platform Settings:
[2020.10.20-11.32.07:322][169]LogAudioMixer: Display: 	Sample Rate:						  48000
[2020.10.20-11.32.07:322][169]LogAudioMixer: Display: 	Callback Buffer Frame Size Requested: 1024
[2020.10.20-11.32.07:322][169]LogAudioMixer: Display: 	Callback Buffer Frame Size To Use:	  1024
[2020.10.20-11.32.07:322][169]LogAudioMixer: Display: 	Number of buffers to queue:			  2
[2020.10.20-11.32.07:322][169]LogAudioMixer: Display: 	Max Channels (voices):				  32
[2020.10.20-11.32.07:322][169]LogAudioMixer: Display: 	Number of Async Source Workers:		  0
[2020.10.20-11.32.07:322][169]LogAudio: Display: AudioDevice MaxSources: 32
[2020.10.20-11.32.07:323][169]LogAudio: Display: Using built-in audio occlusion.
[2020.10.20-11.32.07:323][169]LogAudioMixer: Display: Initializing audio mixer.
[2020.10.20-11.32.07:328][169]LogAudioMixer: Display: 0: FrontLeft
[2020.10.20-11.32.07:328][169]LogAudioMixer: Display: 1: FrontRight
[2020.10.20-11.32.07:350][169]LogAudioMixer: Display: Using Audio Device Speakers (Realtek(R) Audio)
[2020.10.20-11.32.07:351][169]LogAudioMixer: Display: Initializing Sound Submixes...
[2020.10.20-11.32.07:351][169]LogAudioMixer: Display: Creating Master Submix 'MasterSubmixDefault'
[2020.10.20-11.32.07:351][169]LogAudioMixer: Display: Creating Master Submix 'MasterReverbSubmixDefault'
[2020.10.20-11.32.07:352][169]LogAudioMixer: Display: Creating Master Submix 'MasterEQSubmixDefault'
[2020.10.20-11.32.07:395][169]LogInit: FAudioDevice initialized.
[2020.10.20-11.32.07:431][169]LogLoad: Game class is 'FirstPersonGameMode_C'
[2020.10.20-11.32.07:441][169]LogWorld: Bringing World /Game/FirstPersonBP/Maps/UEDPIE_0_FirstPersonExampleMap.FirstPersonExampleMap up for play (max tick rate 0) at 2020.10.20-18.32.07
[2020.10.20-11.32.07:441][169]LogWorld: Bringing up level for play took: 0.007388
[2020.10.20-11.32.07:442][169]LogOnline: OSS: Creating online subsystem instance for: :Context_8
[2020.10.20-11.32.07:449][169]PIE: Server logged in
[2020.10.20-11.32.07:452][169]PIE: Play in editor total start time 0.311 seconds.
[2020.10.20-11.32.21:651][942]LogSlate: Updating window title bar state: overlay mode, drag disabled, window buttons hidden, title bar hidden
[2020.10.20-11.32.21:651][942]LogWorld: BeginTearingDown for /Game/FirstPersonBP/Maps/UEDPIE_0_FirstPersonExampleMap
[2020.10.20-11.32.21:651][942]LogWorld: UWorld::CleanupWorld for FirstPersonExampleMap, bSessionEnded=true, bCleanupResources=true
[2020.10.20-11.32.21:652][942]LogSlate: InvalidateAllWidgets triggered.  All widgets were invalidated
[2020.10.20-11.32.21:665][942]LogPlayLevel: Display: Shutting down PIE online subsystems
[2020.10.20-11.32.21:672][942]LogSlate: InvalidateAllWidgets triggered.  All widgets were invalidated
[2020.10.20-11.32.21:725][942]LogSlate: Updating window title bar state: overlay mode, drag disabled, window buttons hidden, title bar hidden
[2020.10.20-11.32.21:771][942]LogAISub: UAISubsystem::~UAISubsystem AIPerceptionSystem (000001E158686C00), frame # 9942
[2020.10.20-11.32.21:771][942]LogAISub: UAISubsystem::~UAISubsystem EnvQueryManager (000001E19ADCBC00), frame # 9942
[2020.10.20-11.32.21:779][942]LogUObjectHash: Compacting FUObjectHashTables data took   7.13ms
[2020.10.20-11.32.21:850][943]LogPlayLevel: Display: Destroying online subsystem :Context_8
[2020.10.20-11.32.32:737][837]LogUObjectHash: Compacting FUObjectHashTables data took   5.10ms
[2020.10.20-11.32.32:905][837]LogSavePackage: Moving 'D:/Dream-Haunt/DreamHaunt/Saved/FirstPersonExampleMapB86BF01946B6C213FD7B4FBB64FEEB31.tmp' to 'D:/Dream-Haunt/DreamHaunt/Content/FirstPersonBP/Maps/FirstPersonExampleMap.umap'
[2020.10.20-11.32.32:975][837]Cmd: OBJ SAVEPACKAGE PACKAGE="/Game/FirstPersonBP/Maps/FirstPersonExampleMap_BuiltData" FILE="D:/Dream-Haunt/DreamHaunt/Content/FirstPersonBP/Maps/FirstPersonExampleMap_BuiltData.uasset" SILENT=true
[2020.10.20-11.32.34:323][837]LogSavePackage: Moving 'D:/Dream-Haunt/DreamHaunt/Saved/FirstPersonExampleMap_BuiltData1CAE396648D3A6214C7C3C9AF8CC2322.tmp' to 'D:/Dream-Haunt/DreamHaunt/Content/FirstPersonBP/Maps/FirstPersonExampleMap_BuiltData.uasset'
[2020.10.20-11.32.34:388][837]AssetCheck: New page: Asset Save: multiple assets
[2020.10.20-11.32.34:389][837]LogContentValidation: Display: Validating World /Game/FirstPersonBP/Maps/FirstPersonExampleMap.FirstPersonExampleMap
[2020.10.20-11.32.34:389][837]LogContentValidation: Display: Validating MapBuildDataRegistry /Game/FirstPersonBP/Maps/FirstPersonExampleMap_BuiltData.FirstPersonExampleMap_BuiltData
